[2015.12.11-03.29.05:933][  0]Log file open, 12/10/15 22:29:05
[2015.12.11-03.29.05:933][  0]LogInit:Display: Running engine for game: Multiplayer
[2015.12.11-03.29.05:933][  0]LogPlatformFile: Not using cached read wrapper
[2015.12.11-03.29.05:933][  0]LogInit:Display: RandInit(-657512257) SRandInit(-657512255).
[2015.12.11-03.29.05:933][  0]LogTaskGraph: Started task graph with 4 named threads and 7 total threads.
[2015.12.11-03.29.05:933][  0]LogStats: Stats thread started at 0.093231
[2015.12.11-03.29.05:933][  0]LogInit: Version: 4.10.0-2758231+++depot+UE4-Releases+4.10
[2015.12.11-03.29.05:933][  0]LogInit: API Version: 2758231
[2015.12.11-03.29.05:933][  0]LogInit: Compiled (64-bit): Nov  7 2015 05:13:45
[2015.12.11-03.29.05:933][  0]LogInit: Compiled with Visual C++: 19.00.23026.00
[2015.12.11-03.29.05:933][  0]LogInit: Build Configuration: Development
[2015.12.11-03.29.05:933][  0]LogInit: Branch Name: ++depot+UE4-Releases+4.10
[2015.12.11-03.29.05:933][  0]LogInit: Command line:  
[2015.12.11-03.29.05:934][  0]LogInit: Base directory: C:/Program Files/Epic Games/4.10/Engine/Binaries/Win64/
[2015.12.11-03.29.05:934][  0]LogInit: Rocket: 1
[2015.12.11-03.29.05:953][  0]LogInit: Using libcurl 7.41.0
[2015.12.11-03.29.05:953][  0]LogInit:  - built for x86_64-pc-win32
[2015.12.11-03.29.05:953][  0]LogInit:  - supports SSL with WinSSL
[2015.12.11-03.29.05:953][  0]LogInit:  - other features:
[2015.12.11-03.29.05:954][  0]LogInit:      CURL_VERSION_SSL
[2015.12.11-03.29.05:954][  0]LogInit:      CURL_VERSION_IPV6
[2015.12.11-03.29.05:954][  0]LogInit:      CURL_VERSION_ASYNCHDNS
[2015.12.11-03.29.05:954][  0]LogInit:      CURL_VERSION_LARGEFILE
[2015.12.11-03.29.05:954][  0]LogInit:      CURL_VERSION_IDN
[2015.12.11-03.29.05:954][  0]LogInit:  CurlRequestOptions (configurable via config and command line):
[2015.12.11-03.29.05:954][  0]LogInit:  - bVerifyPeer = true  - Libcurl will verify peer certificate
[2015.12.11-03.29.05:954][  0]LogInit:  - bUseHttpProxy = false  - Libcurl will NOT use HTTP proxy
[2015.12.11-03.29.05:954][  0]LogInit:  - bDontReuseConnections = false  - Libcurl will reuse connections
[2015.12.11-03.29.05:954][  0]LogInit:  - CertBundlePath = nullptr  - Libcurl will use whatever was configured at build time.
[2015.12.11-03.29.05:962][  0]LogInit: Presizing for 0 objects not considered by GC, pre-allocating 0 bytes.
[2015.12.11-03.29.05:969][  0]LogInit: Object subsystem initialized
[2015.12.11-03.29.05:970][  0]LogInit: Selected Device Profile: [Windows]
[2015.12.11-03.29.05:970][  0]LogInit: Applying CVar settings loaded from the selected device profile: [Windows]
[2015.12.11-03.29.05:994][  0]LogInit: Computer: ISSTVAN
[2015.12.11-03.29.05:994][  0]LogInit: User: RudeyPunk
[2015.12.11-03.29.05:994][  0]LogInit: CPU Page size=4096, Cores=4
[2015.12.11-03.29.05:994][  0]LogInit: High frequency timer resolution =3.906254 MHz
[2015.12.11-03.29.05:994][  0]LogMemory: Memory total: Physical=8.0GB (8GB approx)
[2015.12.11-03.29.05:994][  0]LogMemory: Platform Memory Stats for Windows
[2015.12.11-03.29.05:994][  0]LogMemory: Process Physical Memory: 56.04 MB used, 56.04 MB peak
[2015.12.11-03.29.05:994][  0]LogMemory: Process Virtual Memory: 58.67 MB used, 58.67 MB peak
[2015.12.11-03.29.05:994][  0]LogMemory: Physical Memory: 4931.66 MB used, 8141.15 MB total
[2015.12.11-03.29.05:994][  0]LogMemory: Virtual Memory: 380.49 MB used, 134217728.00 MB total
[2015.12.11-03.29.06:027][  0]LogTextLocalizationManager: No specific translations for ('en-US') exist, so ('en') translations will be used.
[2015.12.11-03.29.06:360][  0]LogD3D11RHI: Found D3D11 adapter 0: NVIDIA GeForce GTX 980 (Feature Level 11_0)
[2015.12.11-03.29.06:360][  0]LogD3D11RHI: Adapter has 4009MB of dedicated video memory, 0MB of dedicated system memory, and 4070MB of shared system memory, 2 output[s]
[2015.12.11-03.29.06:361][  0]LogD3D11RHI: Found D3D11 adapter 1: Microsoft Basic Render Driver (Feature Level 11_0)
[2015.12.11-03.29.06:361][  0]LogD3D11RHI: Adapter has 0MB of dedicated video memory, 0MB of dedicated system memory, and 4070MB of shared system memory, 0 output[s]
[2015.12.11-03.29.06:361][  0]LogD3D11RHI: Chosen D3D11 Adapter Id = 0
[2015.12.11-03.29.06:365][  0]LogD3D11RHI: !Direct3DDevice
[2015.12.11-03.29.06:365][  0]LogRHI: Texture pool is 1361 MB (70% of 1945 MB)
[2015.12.11-03.29.06:375][  0]LogD3D11RHI: Async texture creation enabled
[2015.12.11-03.29.06:390][  0]LogShaderCompilers: Guid format shader working directory is 24 characters bigger than the processId version (D:/Games/UE4/Multiplayer/Intermediate/Shaders/WorkingDirectory/11636/).
[2015.12.11-03.29.06:391][  0]LogShaderCompilers: Cleaned the shader compiler working directory 'C:/Users/RUDEYP~1/AppData/Local/Temp/UnrealShaderWorkingDir/B9AD1EF947B6696AF0DE4EA06F791594/'.
[2015.12.11-03.29.06:391][  0]LogShaderCompilers:Display: Using Local Shader Compiler.
[2015.12.11-03.29.07:048][  0]LogTemp:Display: Loaded TP AllDesktopTargetPlatform
[2015.12.11-03.29.07:052][  0]LogTemp:Display: Loaded TP WindowsClientTargetPlatform
[2015.12.11-03.29.07:055][  0]LogTemp:Display: Loaded TP WindowsNoEditorTargetPlatform
[2015.12.11-03.29.07:059][  0]LogTemp:Display: Loaded TP WindowsServerTargetPlatform
[2015.12.11-03.29.07:062][  0]LogTemp:Display: Loaded TP WindowsTargetPlatform
[2015.12.11-03.29.07:064][  0]LogTemp:Display: Loaded TP AndroidTargetPlatform
[2015.12.11-03.29.07:067][  0]LogTemp:Display: Loaded TP Android_ASTCTargetPlatform
[2015.12.11-03.29.07:069][  0]LogTemp:Display: Loaded TP Android_ATCTargetPlatform
[2015.12.11-03.29.07:071][  0]LogTemp:Display: Loaded TP Android_DXTTargetPlatform
[2015.12.11-03.29.07:074][  0]LogTemp:Display: Loaded TP Android_ETC1TargetPlatform
[2015.12.11-03.29.07:076][  0]LogTemp:Display: Loaded TP Android_ETC2TargetPlatform
[2015.12.11-03.29.07:081][  0]LogTemp:Display: Loaded TP Android_MultiTargetPlatform
[2015.12.11-03.29.07:081][  0]LogTemp:Display: Loaded TP Android_PVRTCTargetPlatform
[2015.12.11-03.29.07:082][  0]LogTemp:Display: Loaded TP HTML5TargetPlatform
[2015.12.11-03.29.07:099][  0]LogTemp:Display: Loaded TP IOSTargetPlatform
[2015.12.11-03.29.07:101][  0]LogTemp:Display: Loaded TP LinuxNoEditorTargetPlatform
[2015.12.11-03.29.07:103][  0]LogTemp:Display: Loaded TP LinuxServerTargetPlatform
[2015.12.11-03.29.07:105][  0]LogTemp:Display: Loaded TP LinuxTargetPlatform
[2015.12.11-03.29.07:105][  0]LogTargetPlatformManager:Display: Building Assets For Windows
[2015.12.11-03.29.07:170][  0]LogDerivedDataCache:Display: Max Cache Size: 512 MB
[2015.12.11-03.29.07:337][  0]LogDerivedDataCache: Loaded boot cache 0.17s 42MB C:/Users/RudeyPunk/AppData/Local/UnrealEngine/4.10/DerivedDataCache/Boot.ddc.
[2015.12.11-03.29.07:337][  0]LogDerivedDataCache:Display: Loaded Boot cache: C:/Users/RudeyPunk/AppData/Local/UnrealEngine/4.10/DerivedDataCache/Boot.ddc
[2015.12.11-03.29.07:338][  0]LogDerivedDataCache: FDerivedDataBackendGraph:  Pak pak cache file D:/Games/UE4/Multiplayer/DerivedDataCache/DDC.ddp not found, will not use a pak cache.
[2015.12.11-03.29.07:338][  0]LogDerivedDataCache: Unable to find inner node Pak for hierarchical cache Hierarchy.
[2015.12.11-03.29.07:338][  0]LogDerivedDataCache: FDerivedDataBackendGraph:  CompressedPak pak cache file D:/Games/UE4/Multiplayer/DerivedDataCache/Compressed.ddp not found, will not use a pak cache.
[2015.12.11-03.29.07:338][  0]LogDerivedDataCache: Unable to find inner node CompressedPak for hierarchical cache Hierarchy.
[2015.12.11-03.29.07:391][  0]LogDerivedDataCache:Display: Pak cache opened for reading ../../../Engine/DerivedDataCache/Compressed.ddp.
[2015.12.11-03.29.07:404][  0]LogDerivedDataCache: Using Local data cache path C:/Users/RudeyPunk/AppData/Local/UnrealEngine/Common/DerivedDataCache: Writable
[2015.12.11-03.29.08:022][  0]LogInit: Selected Device Profile: [Windows]
[2015.12.11-03.29.08:032][  0]LogContentStreaming: Texture pool size is 0.000000MB
[2015.12.11-03.29.08:253][  0]LogMeshUtilities: No automatic mesh reduction module available
[2015.12.11-03.29.08:253][  0]LogMeshUtilities: No automatic mesh merging module available
[2015.12.11-03.29.08:618][  0]LogInit: WinSock: version 1.1 (2.2), MaxSocks=32767, MaxUdp=65467
[2015.12.11-03.29.09:996][  0]UdpMessaging: Initializing bridge on interface 0.0.0.0:0 to multicast group 230.0.0.1:6666.
[2015.12.11-03.29.10:134][  0]LogAssetRegistry: FAssetRegistry took 0.0129 seconds to start up
[2015.12.11-03.29.10:358][  0]SourceControl: Info Source control is disabled
[2015.12.11-03.29.10:370][  0]SourceControl: Info Source control is disabled
[2015.12.11-03.29.10:387][  0]SourceControl: Info Source control is disabled
[2015.12.11-03.29.10:401][  0]SourceControl: Info Source control is disabled
[2015.12.11-03.29.10:581][  0]LogHoudiniEngine: Starting the Houdini Engine module.
[2015.12.11-03.29.10:584][  0]LogHoudiniEngine: Loaded libHAPIL.dll from Registry path C:\Program Files\Side Effects Software\Houdini 15.0.313/bin
[2015.12.11-03.29.10:585][  0]LogLinker:Warning: Asset '../../../Engine/Plugins/Runtime/HoudiniEngine/Content/houdini_logo.uasset' has been saved with empty engine version. The asset will be loaded but may be incompatible.
[2015.12.11-03.29.10:588][  0]LogLinker:Warning: Asset '../../../Engine/Plugins/Runtime/HoudiniEngine/Content/houdini_default_material.uasset' has been saved with empty engine version. The asset will be loaded but may be incompatible.
[2015.12.11-03.29.11:332][  0]LogHoudiniEngine: Successfully intialized the Houdini Engine API module.
[2015.12.11-03.29.11:451][  0]LogObj: 28754 objects as part of root set at end of initial load.
[2015.12.11-03.29.11:451][  0]LogUObjectAllocator: 6134984 out of 0 bytes used by permanent object pool.
[2015.12.11-03.29.11:544][  0]LogEngine: Initializing Engine...
[2015.12.11-03.29.11:549][  0]LogHMD: Can't find Oculus library dev build: is proper Runtime installed? Version: 0.8.0.0
[2015.12.11-03.29.11:551][  0]LogHMD: SteamVR failed to initialize.  Err: 110
[2015.12.11-03.29.11:688][  0]LogAIModule: Creating AISystem for world NewWorld
[2015.12.11-03.29.11:702][  0]LogInit: XAudio2 using 'Speakers (Realtek High Definition Audio)' : 2 channels at 48 kHz using 32 bits per sample (channel mask 0x3)
[2015.12.11-03.29.11:726][  0]LogInit: FAudioDevice initialized.
[2015.12.11-03.29.11:744][  0]LogDerivedDataCache: Saved boot cache 0.02s 42MB C:/Users/RudeyPunk/AppData/Local/UnrealEngine/4.10/DerivedDataCache/Boot.ddc.
[2015.12.11-03.29.11:746][  0]LogInit: Texture streaming: Enabled
[2015.12.11-03.29.11:754][  0]LogAnalytics: Creating configured Analytics provider AnalyticsET
[2015.12.11-03.29.11:754][  0]LogAnalytics: [UEEditor.Rocket.Release] APIServer = http://et2.epicgames.com/ET2/. AppVersion = 4.10.0-2758231+++depot+UE4-Releases+4.10
[2015.12.11-03.29.11:754][  0]LogAnalytics: [UEEditor.Rocket.Release] SetUserId 616fff054fd338fe95b7b89cc34538a1|6dee01914e174258b8c89718799d58e5|1462898c-ea64-4062-b7c1-32114cb7f44a
[2015.12.11-03.29.11:755][  0]LogAnalytics: [UEEditor.Rocket.Release] AnalyticsET::StartSession
[2015.12.11-03.29.11:797][  0]LogInit: Transaction tracking system initialized
[2015.12.11-03.29.11:850][  0]BlueprintLog: New page: Editor Load
[2015.12.11-03.29.12:038][  0]LocalizationService: Info Localization service is disabled
[2015.12.11-03.29.12:171][  0]LogConsoleResponse:Display: 
[2015.12.11-03.29.12:314][  0]LogCook:Display: Done creating registry. It took  0.00s.
[2015.12.11-03.29.12:353][  0]LogFileCache: Scanning file cache for directory 'D:/Games/UE4/Multiplayer/Content/' took 0.02s
[2015.12.11-03.29.12:353][  0]LogHoudiniEngineEditor: Starting the Houdini Engine Editor module.
[2015.12.11-03.29.12:434][  0]SourceControl: Info Source control is disabled
[2015.12.11-03.29.12:435][  0]Cmd: MAP LOAD FILE="D:/Games/UE4/Multiplayer/Content/ThirdPersonBP/Maps/ThirdPersonExampleMap.umap" TEMPLATE=0 SHOWPROGRESS=1 FEATURELEVEL=3
[2015.12.11-03.29.12:442][  0]LightingResults: New page: Lighting Build
[2015.12.11-03.29.12:449][  0]MapCheck: New page: Map Check
[2015.12.11-03.29.12:449][  0]LightingResults: New page: Lighting Build
[2015.12.11-03.29.12:466][  0]LogParticles: Destroying 0 GPU particle simulations for FXSystem 0x0000000F852A2AC0
[2015.12.11-03.29.13:036][  0]LogAIModule: Creating AISystem for world ThirdPersonExampleMap
[2015.12.11-03.29.13:062][  0]LogEditorServer: Finished looking for orphan Actors (0.000 secs)
[2015.12.11-03.29.13:064][  0]Cmd: MAP CHECKDEP NOCLEARLOG
[2015.12.11-03.29.13:101][  0]MapCheck: Info Map check complete: 0 Error(s), 0 Warning(s), took 37.357ms to complete.
[2015.12.11-03.29.13:101][  0]LogFileHelpers: Loading map 'ThirdPersonExampleMap' took 0.667
[2015.12.11-03.29.13:260][  0]LogCollectionManager: Loaded 0 collections in 0.001616 seconds
[2015.12.11-03.29.13:316][  0]LogFileCache: Scanning file cache for directory 'D:/Games/UE4/Multiplayer/Saved/Collections/' took 0.01s
[2015.12.11-03.29.13:316][  0]LogFileCache: Scanning file cache for directory 'D:/Games/UE4/Multiplayer/Content/Developers/RudeyPunk/Collections/' took 0.01s
[2015.12.11-03.29.13:316][  0]LogFileCache: Scanning file cache for directory 'D:/Games/UE4/Multiplayer/Content/Collections/' took 0.01s
[2015.12.11-03.29.13:316][  0]LogCollectionManager: Rebuilt the GUID cache for 0 collections in 0.000002 seconds
[2015.12.11-03.29.13:324][  0]LogContentBrowser: Native class hierarchy populated in 0.0064 seconds. Added 1919 classes and 343 folders.
[2015.12.11-03.29.13:336][  0]LogContentBrowser: Native class hierarchy updated for 'WidgetCarousel' in 0.0003 seconds. Added 0 classes and 0 folders.
[2015.12.11-03.29.13:438][  0]LogContentBrowser: Native class hierarchy updated for 'AddContentDialog' in 0.0002 seconds. Added 0 classes and 0 folders.
[2015.12.11-03.29.13:455][  0]LogContentBrowser: Native class hierarchy updated for 'SceneOutliner' in 0.0003 seconds. Added 1 classes and 2 folders.
[2015.12.11-03.29.13:541][  0]LogCrashTracker: Crashtracker disabled due to settings.
[2015.12.11-03.29.13:553][  0]LogUObjectGlobals:Warning: Failed to find object 'Class None.'
[2015.12.11-03.29.13:579][  0]LogLoad: Full Startup: 8.21 seconds (BP compile: 0.11 seconds)
[2015.12.11-03.29.13:593][  0]LogOcInput: Can't find Oculus library dev build: is proper Runtime installed? Version: 0.8.0.0
[2015.12.11-03.29.13:658][  0]LogContentStreaming: Texture pool size now 1000 MB
[2015.12.11-03.29.14:009][  0]LogRenderer: Reallocating scene render targets to support 1208x572 (Frame:2).
[2015.12.11-03.29.14:122][  3]LogAssetRegistry: Asset discovery search completed in 4.0001 seconds
[2015.12.11-03.29.14:122][  3]LogCollectionManager: Rebuilt the object cache for 0 collections in 0.000001 seconds (found 0 objects)
[2015.12.11-03.29.14:122][  3]LogCollectionManager: Fixed up redirectors for 0 collections in 0.000045 seconds (updated 0 objects)
[2015.12.11-03.29.28:192][615]Cmd: MAP LOAD FILE="D:/Games/UE4/Multiplayer/Content/Maps/NetworkFloor.umap" TEMPLATE=0 SHOWPROGRESS=1 FEATURELEVEL=3
[2015.12.11-03.29.28:219][615]LightingResults: New page: Lighting Build
[2015.12.11-03.29.28:231][615]LoadErrors: New page: Loading map: NetworkFloor.umap
[2015.12.11-03.29.28:232][615]MapCheck: New page: Map Check
[2015.12.11-03.29.28:232][615]LightingResults: New page: Lighting Build
[2015.12.11-03.29.28:243][615]LogParticles: Destroying 0 GPU particle simulations for FXSystem 0x0000000FED726FC0
[2015.12.11-03.29.28:289][615]LogLinker:Warning: CreateExport: Failed to load Parent for Function /Game/ExampleContent/NetworkFeatures/Blueprints/BP_Ghost_Replicates.BP_Ghost_Replicates_C:UserConstructionScript; removing parent information, but keeping function
[2015.12.11-03.29.28:721][615]LogAIModule: Creating AISystem for world NetworkFloor
[2015.12.11-03.29.28:729][615]LogEditorServer: Finished looking for orphan Actors (0.000 secs)
[2015.12.11-03.29.28:747][615]Cmd: MAP CHECKDEP NOCLEARLOG
[2015.12.11-03.29.28:792][615]MapCheck: Info Map check complete: 0 Error(s), 0 Warning(s), took 44.513ms to complete.
[2015.12.11-03.29.28:792][615]LogFileHelpers: Loading map 'NetworkFloor' took 0.600
[2015.12.11-03.29.42:330][212]LogTexture:Display: Building textures: T_sunflare (AutoDXT)
[2015.12.11-03.29.42:364][212]LogMaterial: Missing cached shader map for material m_flare_03, compiling. 
[2015.12.11-03.29.42:376][212]LogStaticMesh: Building static mesh SM_Chest_Bottom...
[2015.12.11-03.29.42:392][212]LogStaticMesh: Built static mesh [0.015759.2s] /Game/ExampleContent/NetworkFeatures/Meshes/SM_Chest_Bottom.SM_Chest_Bottom
[2015.12.11-03.29.42:403][212]LogStaticMesh: Building static mesh SM_Chest_Lid...
[2015.12.11-03.29.42:419][212]LogStaticMesh: Built static mesh [0.016321.2s] /Game/ExampleContent/NetworkFeatures/Meshes/SM_Chest_Lid.SM_Chest_Lid
[2015.12.11-03.29.42:429][212]LogStaticMesh: Building static mesh SM_Treasure_Pile...
[2015.12.11-03.29.42:454][212]LogStaticMesh: Built static mesh [0.032876.2s] /Game/ExampleContent/NetworkFeatures/Meshes/SM_Treasure_Pile.SM_Treasure_Pile
[2015.12.11-03.29.42:531][212]LogTexture:Display: Building textures: T_Treasure_Chest_N (BC5)
[2015.12.11-03.29.43:144][212]LogTexture:Display: Building textures: T_Treasure_Chest_M (AutoDXT)
[2015.12.11-03.29.45:189][212]LogMaterial: Missing cached shader map for material M_Treasure_Chest, compiling. 
[2015.12.11-03.29.45:202][212]LogStaticMesh: Building static mesh SM_Open_Square...
[2015.12.11-03.29.45:211][212]LogStaticMesh: Built static mesh [0.009696.2s] /Game/ExampleContent/NetworkFeatures/Meshes/SM_Open_Square.SM_Open_Square
[2015.12.11-03.29.45:220][212]LogStaticMesh: Building static mesh SM_Coin_Small...
[2015.12.11-03.29.45:229][212]LogStaticMesh: Built static mesh [0.008442.2s] /Game/ExampleContent/NetworkFeatures/Meshes/SM_Coin_Small.SM_Coin_Small
[2015.12.11-03.29.45:261][212]LogTexture:Display: Building textures: T_Treasure_N (BC5)
[2015.12.11-03.29.45:293][212]LogMaterial: Missing cached shader map for material M_Gold_Pile, compiling. 
[2015.12.11-03.29.45:304][212]LogTexture:Display: Building textures: T_Space (AutoDXT)
[2015.12.11-03.29.45:330][212]LogMaterial: Missing cached shader map for material M_Energy_Burst, compiling. 
[2015.12.11-03.29.45:398][212]LogLinker:Warning: Asset '../../../Engine/Content/ArtTools/RenderToTexture/Macros/RenderToTextureMacros.uasset' has been saved with empty engine version. The asset will be loaded but may be incompatible.
[2015.12.11-03.29.45:891][212]LogContentBrowser: Native class hierarchy updated for 'BlueprintGraph' in 0.0008 seconds. Added 107 classes and 0 folders.
[2015.12.11-03.33.12:754][419]LogActorComponent: UnregisterComponent: (/Engine/Transient.EditorFloorComp) Not registered. Aborting.
[2015.12.11-03.33.18:407][ 82]LogParticles: Destroying 0 GPU particle simulations for FXSystem 0x0000000FBEEE5260
[2015.12.11-03.33.18:409][ 82]LogParticles: Destroying 0 GPU particle simulations for FXSystem 0x0000000F93A840E0
[2015.12.11-03.33.29:975][295]LogActorFactory: Actor Factory created SM_Chest_Bottom
[2015.12.11-03.33.31:411][467]LogActorFactory: Actor Factory created SM_Chest_Bottom
[2015.12.11-03.33.35:994][ 13]Cmd: CAMERA ALIGN ACTIVEVIEWPORTONLY
[2015.12.11-03.34.48:576][ 97]LogSCSEditor:Warning: Calling UpdateTree() from Tick() more frequently than expected due to invalid tree node state. This might be a performance issue.
[2015.12.11-03.35.48:323][469]LogSCSEditor:Warning: Calling UpdateTree() from Tick() more frequently than expected due to invalid tree node state. This might be a performance issue.
[2015.12.11-03.36.08:310][636]LogSCSEditor:Warning: Calling UpdateTree() from Tick() more frequently than expected due to invalid tree node state. This might be a performance issue.
[2015.12.11-03.36.30:900][ 40]LogSavePackage: Save=15.120369ms
[2015.12.11-03.36.30:900][ 40]LogSavePackage: Moving 'D:/Games/UE4/Multiplayer/Saved/BP_Relevency_NoReplicationA71BBF5A4D5CEAC2ED3384A7C4A9F3E4.tmp' to 'D:/Games/UE4/Multiplayer/Content/ExampleContent/NetworkFeatures/Blueprints/BP_Relevency_NoReplication.uasset'
[2015.12.11-03.36.30:901][ 40]LogSavePackage: Total save time: 19.206125ms
[2015.12.11-03.36.30:901][ 40]LogSavePackage:Display: Finished SavePackage D:/Games/UE4/Multiplayer/Content/ExampleContent/NetworkFeatures/Blueprints/BP_Relevency_NoReplication.uasset
[2015.12.11-03.36.31:929][148]BlueprintLog: New page: Compile BP_Relevency_NoReplication
[2015.12.11-03.36.32:011][148]BlueprintEditorCompileResults: Info [0446.64] Compile of BP_Relevency_NoReplication successful! [in 82 ms]
[2015.12.11-03.41.19:121][831]LogSavePackage: Save=22.187498ms
[2015.12.11-03.41.19:121][831]LogSavePackage: Moving 'D:/Games/UE4/Multiplayer/Saved/BP_Relevency_NoReplication69F2E4774A128B463A37B898ABB75272.tmp' to 'D:/Games/UE4/Multiplayer/Content/ExampleContent/NetworkFeatures/Blueprints/BP_Relevency_NoReplication.uasset'
[2015.12.11-03.41.19:122][831]LogSavePackage: Total save time: 576.270513ms
[2015.12.11-03.41.19:122][831]LogSavePackage:Display: Finished SavePackage D:/Games/UE4/Multiplayer/Content/ExampleContent/NetworkFeatures/Blueprints/BP_Relevency_NoReplication.uasset
[2015.12.11-03.41.19:681][892]BlueprintLog: New page: Compile BP_Relevency_NoReplication
[2015.12.11-03.41.19:767][892]BlueprintEditorCompileResults: Info [0734.40] Compile of BP_Relevency_NoReplication successful! [in 85 ms]
[2015.12.11-03.42.22:870][870]LogSavePackage: Save=24.468199ms
[2015.12.11-03.42.22:870][870]LogSavePackage: Moving 'D:/Games/UE4/Multiplayer/Saved/BP_Relevency_NoReplication4D0BD5344E0ECE608CFDD59CE07362BA.tmp' to 'D:/Games/UE4/Multiplayer/Content/ExampleContent/NetworkFeatures/Blueprints/BP_Relevency_NoReplication.uasset'
[2015.12.11-03.42.22:871][870]LogSavePackage: Total save time: 27.067874ms
[2015.12.11-03.42.22:871][870]LogSavePackage:Display: Finished SavePackage D:/Games/UE4/Multiplayer/Content/ExampleContent/NetworkFeatures/Blueprints/BP_Relevency_NoReplication.uasset
[2015.12.11-03.42.23:480][939]BlueprintLog: New page: Compile BP_Relevency_NoReplication
[2015.12.11-03.42.23:548][939]BlueprintEditorCompileResults: Info [0798.18] Compile of BP_Relevency_NoReplication successful! [in 68 ms]
[2015.12.11-03.42.25:957][207]LogBlueprintUserMessages: Early PlayInEditor Detection: Level '/Game/Maps/NetworkFloor.NetworkFloor:PersistentLevel' has LevelScriptBlueprint '/Game/Maps/NetworkFloor.NetworkFloor:PersistentLevel.NetworkFloor' with GeneratedClass '/Game/Maps/NetworkFloor.NetworkFloor_C' with ClassGeneratedBy '/Game/Maps/NetworkFloor.NetworkFloor:PersistentLevel.NetworkFloor'
[2015.12.11-03.42.25:957][207]LogPlayLevel: PlayLevel: No blueprints needed recompiling
[2015.12.11-03.42.25:961][207]PIE: New page: PIE session: NetworkFloor (Dec 10, 2015, 5:42:25 PM)
[2015.12.11-03.42.25:961][207]LogPlayLevel: Creating play world package: /Game/Maps/UEDPIE_1_NetworkFloor
[2015.12.11-03.42.25:966][207]LogPlayLevel: PIE: StaticDuplicateObject took: (0.004516s)
[2015.12.11-03.42.25:966][207]LogAIModule: Creating AISystem for world NetworkFloor
[2015.12.11-03.42.25:966][207]LogPlayLevel: PIE: World Init took: (0.000664s)
[2015.12.11-03.42.25:966][207]LogPlayLevel: PIE: Created PIE world by copying editor world from /Game/Maps/NetworkFloor.NetworkFloor to /Game/Maps/UEDPIE_1_NetworkFloor.NetworkFloor (0.005393s)
[2015.12.11-03.42.25:999][207]LogInit: XAudio2 using 'Speakers (Realtek High Definition Audio)' : 2 channels at 48 kHz using 32 bits per sample (channel mask 0x3)
[2015.12.11-03.42.26:008][207]LogInit: FAudioDevice initialized.
[2015.12.11-03.42.26:074][207]LogWorld: Game class is 'ThirdPersonGameMode_C'
[2015.12.11-03.42.26:078][207]LogWorld: Bringing World /Game/Maps/UEDPIE_1_NetworkFloor.NetworkFloor up for play (max tick rate 0) at 2015.12.10-22.42.26
[2015.12.11-03.42.26:078][207]LogActor:Warning: GameSession /Game/Maps/UEDPIE_1_NetworkFloor.NetworkFloor:PersistentLevel.GameSession_0 has natively added scene component(s), but none of them were set as the actor's RootComponent - picking one arbitrarily
[2015.12.11-03.42.26:078][207]LogActor:Warning: GameNetworkManager /Game/Maps/UEDPIE_1_NetworkFloor.NetworkFloor:PersistentLevel.GameNetworkManager_0 has natively added scene component(s), but none of them were set as the actor's RootComponent - picking one arbitrarily
[2015.12.11-03.42.26:078][207]LogWorld: Bringing up level for play took: 0.002346
[2015.12.11-03.42.26:083][207]LogInit: WinSock: Socket queue 131072 / 131072
[2015.12.11-03.42.26:083][207]LogInit: WinSock: I am Isstvan (192.168.15.135:0)
[2015.12.11-03.42.26:083][207]LogNet: GameNetDriver IpNetDriver_0 IpNetDriver listening on port 7777
[2015.12.11-03.42.26:086][207]PIE: Info Play in editor start time for /Game/Maps/UEDPIE_1_NetworkFloor 0.172
[2015.12.11-03.42.26:090][207]PIE: New page: PIE session: NetworkFloor (Dec 10, 2015, 5:42:26 PM)
[2015.12.11-03.42.26:142][207]LogNet: Browse: 127.0.0.1//Game/ThirdPersonBP/Maps/ThirdPersonExampleMap
[2015.12.11-03.42.26:142][207]LogInit: WinSock: Socket queue 32768 / 32768
[2015.12.11-03.42.26:143][207]LogNet: Game client on port 7777, rate 10000
[2015.12.11-03.42.26:143][207]LogNet: GetLocalNetworkVersion: GEngineNetVersion: 2758231, ProjectName: multiplayer, ProjectVersion: 1.0.0.0, InternalProtocolVersion: 9, LocalNetworkVersion: 1837212031
[2015.12.11-03.42.26:165][207]PIE: Info Play in editor start time for /Game/ThirdPersonBP/Maps/ThirdPersonExampleMap 0.251
[2015.12.11-03.42.26:169][207]LogBlueprintUserMessages: Late PlayInEditor Detection: Level '/Game/Maps/NetworkFloor.NetworkFloor:PersistentLevel' has LevelScriptBlueprint '/Game/Maps/NetworkFloor.NetworkFloor:PersistentLevel.NetworkFloor' with GeneratedClass '/Game/Maps/NetworkFloor.NetworkFloor_C' with ClassGeneratedBy '/Game/Maps/NetworkFloor.NetworkFloor:PersistentLevel.NetworkFloor'
[2015.12.11-03.42.26:170][207]LogNet: NotifyAcceptingConnection: Server NetworkFloor accept
[2015.12.11-03.42.26:170][207]LogNet: Open NetworkFloor 12/10/15 22:42:26 127.0.0.1
[2015.12.11-03.42.26:170][207]LogNet: Added client connection.  Remote address = 127.0.0.1:58801
[2015.12.11-03.42.26:170][207]LogNet: NotifyAcceptingChannel Control 0 server World /Game/Maps/UEDPIE_1_NetworkFloor.NetworkFloor: Accepted
[2015.12.11-03.42.26:171][207]LogNet: Remote platform little endian=1
[2015.12.11-03.42.26:171][207]LogNet: This platform little endian=1
[2015.12.11-03.42.26:171][207]LogNet: GetLocalNetworkVersion: GEngineNetVersion: 2758231, ProjectName: multiplayer, ProjectVersion: 1.0.0.0, InternalProtocolVersion: 9, LocalNetworkVersion: 1837212031
[2015.12.11-03.42.26:201][208]LogNet: Login request: /Game/ThirdPersonBP/Maps/ThirdPersonExampleMap userId: Invalid
[2015.12.11-03.42.26:202][208]LogNet: Welcomed by server (Level: /Game/Maps/UEDPIE_1_NetworkFloor, Game: /Game/ThirdPersonBP/Blueprints/ThirdPersonGameMode.ThirdPersonGameMode_C)
[2015.12.11-03.42.26:213][208]LogLoad: LoadMap: 127.0.0.1//Game/Maps/UEDPIE_1_NetworkFloor?game=/Game/ThirdPersonBP/Blueprints/ThirdPersonGameMode.ThirdPersonGameMode_C
[2015.12.11-03.42.26:234][208]LogParticles: Destroying 0 GPU particle simulations for FXSystem 0x000000101AAB74C0
[2015.12.11-03.42.26:239][208]Cmd: MEM
[2015.12.11-03.42.26:261][208]LogMemory: Platform Memory Stats for Windows
[2015.12.11-03.42.26:261][208]LogMemory: Process Physical Memory: 1627.48 MB used, 1627.48 MB peak
[2015.12.11-03.42.26:261][208]LogMemory: Process Virtual Memory: 2406.86 MB used, 2406.86 MB peak
[2015.12.11-03.42.26:261][208]LogMemory: Physical Memory: 4439.99 MB used, 8141.15 MB total
[2015.12.11-03.42.26:261][208]LogMemory: Virtual Memory: 3497.05 MB used, 134217728.00 MB total
[2015.12.11-03.42.26:261][208]LogMemory: 
[2015.12.11-03.42.26:261][208]Allocator Stats for TBB: (not implemented)
[2015.12.11-03.42.26:261][208]LogLinker: Can't find file for asset '/Game/Maps/UEDPIE_1_NetworkFloor' while loading NULL.
[2015.12.11-03.42.26:265][208]LogWorld: PIE: Copying PIE streaming level from /Game/Maps/NetworkFloor.NetworkFloor to /Game/Maps/UEDPIE_2_NetworkFloor.NetworkFloor. OwningWorld: None
[2015.12.11-03.42.26:266][208]LogAIModule: Creating AISystem for world NetworkFloor
[2015.12.11-03.42.26:269][208]LogWorld: Bringing World /Game/Maps/UEDPIE_2_NetworkFloor.NetworkFloor up for play (max tick rate 0) at 2015.12.10-22.42.26
[2015.12.11-03.42.26:269][208]LogWorld: Bringing up level for play took: 0.002358
[2015.12.11-03.42.26:285][209]LogRenderer: Reallocating scene render targets to support 1280x720 (Frame:119348).
[2015.12.11-03.42.26:285][209]LogNet: Client netspeed is 10000
[2015.12.11-03.42.26:285][209]LogNet: Join request: /Game/ThirdPersonBP/Maps/ThirdPersonExampleMap?SplitscreenCount=1
[2015.12.11-03.42.26:289][209]LogNet: Join succeeded: 257
[2015.12.11-03.42.35:972][124]LogBlueprintUserMessages: Early EndPlayMap Detection: Level '/Game/Maps/NetworkFloor.NetworkFloor:PersistentLevel' has LevelScriptBlueprint '/Game/Maps/NetworkFloor.NetworkFloor:PersistentLevel.NetworkFloor' with GeneratedClass '/Game/Maps/NetworkFloor.NetworkFloor_C' with ClassGeneratedBy '/Game/Maps/NetworkFloor.NetworkFloor:PersistentLevel.NetworkFloor'
[2015.12.11-03.42.36:016][124]LogSpawn:Warning: SpawnActor failed because we are in the process of tearing down the world
[2015.12.11-03.42.36:060][124]LogBlueprintUserMessages: Late EndPlayMap Detection: Level '/Game/Maps/NetworkFloor.NetworkFloor:PersistentLevel' has LevelScriptBlueprint '/Game/Maps/NetworkFloor.NetworkFloor:PersistentLevel.NetworkFloor' with GeneratedClass '/Game/Maps/NetworkFloor.NetworkFloor_C' with ClassGeneratedBy '/Game/Maps/NetworkFloor.NetworkFloor:PersistentLevel.NetworkFloor'
[2015.12.11-03.42.36:076][124]LogNet: UChannel::CleanUp: [GameNetDriver] [PlayerController_2] [PlayerController_2]. ChIndex == 0. Closing connection.
[2015.12.11-03.42.36:076][124]LogNet: UNetConnection::Close: Name: IpConnection_1, Driver: GameNetDriver None, PC: PlayerController_2, Owner: PlayerController_2, Channels: 17, RemoteAddr: 127.0.0.1:58801, Time: 2015.12.11-03.42.36
[2015.12.11-03.42.36:076][124]LogNet: UChannel::Close: Sending CloseBunch. ChIndex == 0. Name: ControlChannel_1
[2015.12.11-03.42.36:076][124]LogNet: UChannel::CleanUp: [GameNetDriver] [PlayerController_3] [PlayerController_3]. ChIndex == 0. Closing connection.
[2015.12.11-03.42.36:076][124]LogNet: UNetConnection::Close: Name: IpConnection_0, Driver: GameNetDriver IpNetDriver_1, PC: PlayerController_3, Owner: PlayerController_3, Channels: 17, RemoteAddr: 127.0.0.1:7777, Time: 2015.12.11-03.42.36
[2015.12.11-03.42.36:076][124]LogNet: UChannel::Close: Sending CloseBunch. ChIndex == 0. Name: ControlChannel_0
[2015.12.11-03.42.36:081][124]LogExit: GameNetDriver None shut down
[2015.12.11-03.42.36:081][124]LogExit: GameNetDriver None shut down
[2015.12.11-03.42.36:082][124]LogParticles: Destroying 0 GPU particle simulations for FXSystem 0x000000100F45FC40
[2015.12.11-03.42.36:120][125]LogParticles: Destroying 0 GPU particle simulations for FXSystem 0x0000001021EB0860
[2015.12.11-03.42.42:292][830]LogEditorViewport: Clicking on Actor (LMB): StaticMeshActor (Floor)
[2015.12.11-03.42.43:491][959]LogBlueprintUserMessages: Early PlayInEditor Detection: Level '/Game/Maps/NetworkFloor.NetworkFloor:PersistentLevel' has LevelScriptBlueprint '/Game/Maps/NetworkFloor.NetworkFloor:PersistentLevel.NetworkFloor' with GeneratedClass '/Game/Maps/NetworkFloor.NetworkFloor_C' with ClassGeneratedBy '/Game/Maps/NetworkFloor.NetworkFloor:PersistentLevel.NetworkFloor'
[2015.12.11-03.42.43:491][959]LogPlayLevel: PlayLevel: No blueprints needed recompiling
[2015.12.11-03.42.43:491][959]PIE: New page: PIE session: NetworkFloor (Dec 10, 2015, 5:42:43 PM)
[2015.12.11-03.42.43:491][959]LogPlayLevel: Creating play world package: /Game/Maps/UEDPIE_0_NetworkFloor
[2015.12.11-03.42.43:495][959]LogPlayLevel: PIE: StaticDuplicateObject took: (0.004073s)
[2015.12.11-03.42.43:496][959]LogAIModule: Creating AISystem for world NetworkFloor
[2015.12.11-03.42.43:496][959]LogPlayLevel: PIE: World Init took: (0.000800s)
[2015.12.11-03.42.43:496][959]LogPlayLevel: PIE: Created PIE world by copying editor world from /Game/Maps/NetworkFloor.NetworkFloor to /Game/Maps/UEDPIE_0_NetworkFloor.NetworkFloor (0.005098s)
[2015.12.11-03.42.43:524][959]LogInit: XAudio2 using 'Speakers (Realtek High Definition Audio)' : 2 channels at 48 kHz using 32 bits per sample (channel mask 0x3)
[2015.12.11-03.42.43:532][959]LogInit: FAudioDevice initialized.
[2015.12.11-03.42.43:562][959]LogWorld: Game class is 'ThirdPersonGameMode_C'
[2015.12.11-03.42.43:566][959]LogWorld: Bringing World /Game/Maps/UEDPIE_0_NetworkFloor.NetworkFloor up for play (max tick rate 0) at 2015.12.10-22.42.43
[2015.12.11-03.42.43:566][959]LogActor:Warning: GameSession /Game/Maps/UEDPIE_0_NetworkFloor.NetworkFloor:PersistentLevel.GameSession_1 has natively added scene component(s), but none of them were set as the actor's RootComponent - picking one arbitrarily
[2015.12.11-03.42.43:566][959]LogActor:Warning: GameNetworkManager /Game/Maps/UEDPIE_0_NetworkFloor.NetworkFloor:PersistentLevel.GameNetworkManager_1 has natively added scene component(s), but none of them were set as the actor's RootComponent - picking one arbitrarily
[2015.12.11-03.42.43:567][959]LogWorld: Bringing up level for play took: 0.003344
[2015.12.11-03.42.43:569][959]PIE: Info Play in editor start time for /Game/Maps/UEDPIE_0_NetworkFloor -0.345
[2015.12.11-03.42.43:569][959]LogBlueprintUserMessages: Late PlayInEditor Detection: Level '/Game/Maps/NetworkFloor.NetworkFloor:PersistentLevel' has LevelScriptBlueprint '/Game/Maps/NetworkFloor.NetworkFloor:PersistentLevel.NetworkFloor' with GeneratedClass '/Game/Maps/NetworkFloor.NetworkFloor_C' with ClassGeneratedBy '/Game/Maps/NetworkFloor.NetworkFloor:PersistentLevel.NetworkFloor'
[2015.12.11-03.42.57:565][607]LogBlueprintUserMessages: Early EndPlayMap Detection: Level '/Game/Maps/NetworkFloor.NetworkFloor:PersistentLevel' has LevelScriptBlueprint '/Game/Maps/NetworkFloor.NetworkFloor:PersistentLevel.NetworkFloor' with GeneratedClass '/Game/Maps/NetworkFloor.NetworkFloor_C' with ClassGeneratedBy '/Game/Maps/NetworkFloor.NetworkFloor:PersistentLevel.NetworkFloor'
[2015.12.11-03.42.57:610][607]LogBlueprintUserMessages: Late EndPlayMap Detection: Level '/Game/Maps/NetworkFloor.NetworkFloor:PersistentLevel' has LevelScriptBlueprint '/Game/Maps/NetworkFloor.NetworkFloor:PersistentLevel.NetworkFloor' with GeneratedClass '/Game/Maps/NetworkFloor.NetworkFloor_C' with ClassGeneratedBy '/Game/Maps/NetworkFloor.NetworkFloor:PersistentLevel.NetworkFloor'
[2015.12.11-03.42.57:670][608]LogParticles: Destroying 0 GPU particle simulations for FXSystem 0x0000000FECF9D120
[2015.12.11-03.43.11:483][ 83]LogSavePackage: Save=37.693401ms
[2015.12.11-03.43.11:484][ 83]LogSavePackage: Moving 'D:/Games/UE4/Multiplayer/Saved/BP_Relevency_NoReplication5B2D4DE147057A4A35F71F9C3E121113.tmp' to 'D:/Games/UE4/Multiplayer/Content/ExampleContent/NetworkFeatures/Blueprints/BP_Relevency_NoReplication.uasset'
[2015.12.11-03.43.11:485][ 83]LogSavePackage: Total save time: 40.553942ms
[2015.12.11-03.43.11:485][ 83]LogSavePackage:Display: Finished SavePackage D:/Games/UE4/Multiplayer/Content/ExampleContent/NetworkFeatures/Blueprints/BP_Relevency_NoReplication.uasset
[2015.12.11-03.43.12:766][215]BlueprintLog: New page: Compile BP_Relevency_NoReplication
[2015.12.11-03.43.12:832][215]BlueprintEditorCompileResults: Info [0847.46] Compile of BP_Relevency_NoReplication successful! [in 66 ms]
[2015.12.11-03.43.15:313][456]LogBlueprintUserMessages: Early PlayInEditor Detection: Level '/Game/Maps/NetworkFloor.NetworkFloor:PersistentLevel' has LevelScriptBlueprint '/Game/Maps/NetworkFloor.NetworkFloor:PersistentLevel.NetworkFloor' with GeneratedClass '/Game/Maps/NetworkFloor.NetworkFloor_C' with ClassGeneratedBy '/Game/Maps/NetworkFloor.NetworkFloor:PersistentLevel.NetworkFloor'
[2015.12.11-03.43.15:313][456]LogPlayLevel: PlayLevel: No blueprints needed recompiling
[2015.12.11-03.43.15:313][456]PIE: New page: PIE session: NetworkFloor (Dec 10, 2015, 5:43:15 PM)
[2015.12.11-03.43.15:313][456]LogPlayLevel: Creating play world package: /Game/Maps/UEDPIE_0_NetworkFloor
[2015.12.11-03.43.15:317][456]LogPlayLevel: PIE: StaticDuplicateObject took: (0.004104s)
[2015.12.11-03.43.15:318][456]LogAIModule: Creating AISystem for world NetworkFloor
[2015.12.11-03.43.15:318][456]LogPlayLevel: PIE: World Init took: (0.000700s)
[2015.12.11-03.43.15:318][456]LogPlayLevel: PIE: Created PIE world by copying editor world from /Game/Maps/NetworkFloor.NetworkFloor to /Game/Maps/UEDPIE_0_NetworkFloor.NetworkFloor (0.004991s)
[2015.12.11-03.43.15:342][456]LogInit: XAudio2 using 'Speakers (Realtek High Definition Audio)' : 2 channels at 48 kHz using 32 bits per sample (channel mask 0x3)
[2015.12.11-03.43.15:351][456]LogInit: FAudioDevice initialized.
[2015.12.11-03.43.15:387][456]LogWorld: Game class is 'ThirdPersonGameMode_C'
[2015.12.11-03.43.15:390][456]LogWorld: Bringing World /Game/Maps/UEDPIE_0_NetworkFloor.NetworkFloor up for play (max tick rate 0) at 2015.12.10-22.43.15
[2015.12.11-03.43.15:390][456]LogActor:Warning: GameSession /Game/Maps/UEDPIE_0_NetworkFloor.NetworkFloor:PersistentLevel.GameSession_2 has natively added scene component(s), but none of them were set as the actor's RootComponent - picking one arbitrarily
[2015.12.11-03.43.15:390][456]LogActor:Warning: GameNetworkManager /Game/Maps/UEDPIE_0_NetworkFloor.NetworkFloor:PersistentLevel.GameNetworkManager_2 has natively added scene component(s), but none of them were set as the actor's RootComponent - picking one arbitrarily
[2015.12.11-03.43.15:390][456]LogWorld: Bringing up level for play took: 0.002437
[2015.12.11-03.43.15:392][456]PIE: Info Play in editor start time for /Game/Maps/UEDPIE_0_NetworkFloor -0.522
[2015.12.11-03.43.15:392][456]LogBlueprintUserMessages: Late PlayInEditor Detection: Level '/Game/Maps/NetworkFloor.NetworkFloor:PersistentLevel' has LevelScriptBlueprint '/Game/Maps/NetworkFloor.NetworkFloor:PersistentLevel.NetworkFloor' with GeneratedClass '/Game/Maps/NetworkFloor.NetworkFloor_C' with ClassGeneratedBy '/Game/Maps/NetworkFloor.NetworkFloor:PersistentLevel.NetworkFloor'
[2015.12.11-03.43.22:567][256]LogBlueprintUserMessages: Early EndPlayMap Detection: Level '/Game/Maps/NetworkFloor.NetworkFloor:PersistentLevel' has LevelScriptBlueprint '/Game/Maps/NetworkFloor.NetworkFloor:PersistentLevel.NetworkFloor' with GeneratedClass '/Game/Maps/NetworkFloor.NetworkFloor_C' with ClassGeneratedBy '/Game/Maps/NetworkFloor.NetworkFloor:PersistentLevel.NetworkFloor'
[2015.12.11-03.43.22:612][256]LogBlueprintUserMessages: Late EndPlayMap Detection: Level '/Game/Maps/NetworkFloor.NetworkFloor:PersistentLevel' has LevelScriptBlueprint '/Game/Maps/NetworkFloor.NetworkFloor:PersistentLevel.NetworkFloor' with GeneratedClass '/Game/Maps/NetworkFloor.NetworkFloor_C' with ClassGeneratedBy '/Game/Maps/NetworkFloor.NetworkFloor:PersistentLevel.NetworkFloor'
[2015.12.11-03.43.22:634][256]LogParticles: Destroying 0 GPU particle simulations for FXSystem 0x000000101D006840
[2015.12.11-03.45.14:227][ 44]LogSavePackage: Save=532.916687ms
[2015.12.11-03.45.14:227][ 44]LogSavePackage: Moving 'D:/Games/UE4/Multiplayer/Saved/BP_Relevency_NoReplication297EAA4841B34C36AFE5628E6A6507B6.tmp' to 'D:/Games/UE4/Multiplayer/Content/ExampleContent/NetworkFeatures/Blueprints/BP_Relevency_NoReplication.uasset'
[2015.12.11-03.45.14:228][ 44]LogSavePackage: Total save time: 535.595994ms
[2015.12.11-03.45.14:228][ 44]LogSavePackage:Display: Finished SavePackage D:/Games/UE4/Multiplayer/Content/ExampleContent/NetworkFeatures/Blueprints/BP_Relevency_NoReplication.uasset
[2015.12.11-03.45.14:643][ 88]BlueprintLog: New page: Compile BP_Relevency_NoReplication
[2015.12.11-03.45.14:703][ 88]BlueprintEditorCompileResults: Info [0969.33] Compile of BP_Relevency_NoReplication successful! [in 60 ms]
[2015.12.11-03.45.16:296][246]LogBlueprintUserMessages: Early PlayInEditor Detection: Level '/Game/Maps/NetworkFloor.NetworkFloor:PersistentLevel' has LevelScriptBlueprint '/Game/Maps/NetworkFloor.NetworkFloor:PersistentLevel.NetworkFloor' with GeneratedClass '/Game/Maps/NetworkFloor.NetworkFloor_C' with ClassGeneratedBy '/Game/Maps/NetworkFloor.NetworkFloor:PersistentLevel.NetworkFloor'
[2015.12.11-03.45.16:296][246]LogPlayLevel: PlayLevel: No blueprints needed recompiling
[2015.12.11-03.45.16:296][246]PIE: New page: PIE session: NetworkFloor (Dec 10, 2015, 5:45:16 PM)
[2015.12.11-03.45.16:296][246]LogPlayLevel: Creating play world package: /Game/Maps/UEDPIE_0_NetworkFloor
[2015.12.11-03.45.16:301][246]LogPlayLevel: PIE: StaticDuplicateObject took: (0.004070s)
[2015.12.11-03.45.16:301][246]LogAIModule: Creating AISystem for world NetworkFloor
[2015.12.11-03.45.16:301][246]LogPlayLevel: PIE: World Init took: (0.000694s)
[2015.12.11-03.45.16:301][246]LogPlayLevel: PIE: Created PIE world by copying editor world from /Game/Maps/NetworkFloor.NetworkFloor to /Game/Maps/UEDPIE_0_NetworkFloor.NetworkFloor (0.005015s)
[2015.12.11-03.45.16:325][246]LogInit: XAudio2 using 'Speakers (Realtek High Definition Audio)' : 2 channels at 48 kHz using 32 bits per sample (channel mask 0x3)
[2015.12.11-03.45.16:334][246]LogInit: FAudioDevice initialized.
[2015.12.11-03.45.16:369][246]LogWorld: Game class is 'ThirdPersonGameMode_C'
[2015.12.11-03.45.16:372][246]LogWorld: Bringing World /Game/Maps/UEDPIE_0_NetworkFloor.NetworkFloor up for play (max tick rate 0) at 2015.12.10-22.45.16
[2015.12.11-03.45.16:372][246]LogActor:Warning: GameSession /Game/Maps/UEDPIE_0_NetworkFloor.NetworkFloor:PersistentLevel.GameSession_3 has natively added scene component(s), but none of them were set as the actor's RootComponent - picking one arbitrarily
[2015.12.11-03.45.16:372][246]LogActor:Warning: GameNetworkManager /Game/Maps/UEDPIE_0_NetworkFloor.NetworkFloor:PersistentLevel.GameNetworkManager_3 has natively added scene component(s), but none of them were set as the actor's RootComponent - picking one arbitrarily
[2015.12.11-03.45.16:373][246]LogWorld: Bringing up level for play took: 0.002601
[2015.12.11-03.45.16:375][246]PIE: Info Play in editor start time for /Game/Maps/UEDPIE_0_NetworkFloor 0.461
[2015.12.11-03.45.16:375][246]LogBlueprintUserMessages: Late PlayInEditor Detection: Level '/Game/Maps/NetworkFloor.NetworkFloor:PersistentLevel' has LevelScriptBlueprint '/Game/Maps/NetworkFloor.NetworkFloor:PersistentLevel.NetworkFloor' with GeneratedClass '/Game/Maps/NetworkFloor.NetworkFloor_C' with ClassGeneratedBy '/Game/Maps/NetworkFloor.NetworkFloor:PersistentLevel.NetworkFloor'
[2015.12.11-03.45.23:569][ 51]LogBlueprintUserMessages: Early EndPlayMap Detection: Level '/Game/Maps/NetworkFloor.NetworkFloor:PersistentLevel' has LevelScriptBlueprint '/Game/Maps/NetworkFloor.NetworkFloor:PersistentLevel.NetworkFloor' with GeneratedClass '/Game/Maps/NetworkFloor.NetworkFloor_C' with ClassGeneratedBy '/Game/Maps/NetworkFloor.NetworkFloor:PersistentLevel.NetworkFloor'
[2015.12.11-03.45.23:613][ 51]LogBlueprintUserMessages: Late EndPlayMap Detection: Level '/Game/Maps/NetworkFloor.NetworkFloor:PersistentLevel' has LevelScriptBlueprint '/Game/Maps/NetworkFloor.NetworkFloor:PersistentLevel.NetworkFloor' with GeneratedClass '/Game/Maps/NetworkFloor.NetworkFloor_C' with ClassGeneratedBy '/Game/Maps/NetworkFloor.NetworkFloor:PersistentLevel.NetworkFloor'
[2015.12.11-03.45.23:635][ 51]LogParticles: Destroying 0 GPU particle simulations for FXSystem 0x000000100F45D3A0
[2015.12.11-03.45.24:861][174]LogBlueprintUserMessages: Early PlayInEditor Detection: Level '/Game/Maps/NetworkFloor.NetworkFloor:PersistentLevel' has LevelScriptBlueprint '/Game/Maps/NetworkFloor.NetworkFloor:PersistentLevel.NetworkFloor' with GeneratedClass '/Game/Maps/NetworkFloor.NetworkFloor_C' with ClassGeneratedBy '/Game/Maps/NetworkFloor.NetworkFloor:PersistentLevel.NetworkFloor'
[2015.12.11-03.45.24:861][174]LogPlayLevel: PlayLevel: No blueprints needed recompiling
[2015.12.11-03.45.24:861][174]PIE: New page: PIE session: NetworkFloor (Dec 10, 2015, 5:45:24 PM)
[2015.12.11-03.45.24:861][174]LogPlayLevel: Creating play world package: /Game/Maps/UEDPIE_0_NetworkFloor
[2015.12.11-03.45.24:865][174]LogPlayLevel: PIE: StaticDuplicateObject took: (0.003854s)
[2015.12.11-03.45.24:865][174]LogAIModule: Creating AISystem for world NetworkFloor
[2015.12.11-03.45.24:865][174]LogPlayLevel: PIE: World Init took: (0.000583s)
[2015.12.11-03.45.24:866][174]LogPlayLevel: PIE: Created PIE world by copying editor world from /Game/Maps/NetworkFloor.NetworkFloor to /Game/Maps/UEDPIE_0_NetworkFloor.NetworkFloor (0.004640s)
[2015.12.11-03.45.24:890][174]LogInit: XAudio2 using 'Speakers (Realtek High Definition Audio)' : 2 channels at 48 kHz using 32 bits per sample (channel mask 0x3)
[2015.12.11-03.45.24:900][174]LogInit: FAudioDevice initialized.
[2015.12.11-03.45.24:936][174]LogWorld: Game class is 'ThirdPersonGameMode_C'
[2015.12.11-03.45.24:939][174]LogWorld: Bringing World /Game/Maps/UEDPIE_0_NetworkFloor.NetworkFloor up for play (max tick rate 0) at 2015.12.10-22.45.24
[2015.12.11-03.45.24:939][174]LogActor:Warning: GameSession /Game/Maps/UEDPIE_0_NetworkFloor.NetworkFloor:PersistentLevel.GameSession_4 has natively added scene component(s), but none of them were set as the actor's RootComponent - picking one arbitrarily
[2015.12.11-03.45.24:939][174]LogActor:Warning: GameNetworkManager /Game/Maps/UEDPIE_0_NetworkFloor.NetworkFloor:PersistentLevel.GameNetworkManager_4 has natively added scene component(s), but none of them were set as the actor's RootComponent - picking one arbitrarily
[2015.12.11-03.45.24:939][174]LogWorld: Bringing up level for play took: 0.002512
[2015.12.11-03.45.24:941][174]PIE: Info Play in editor start time for /Game/Maps/UEDPIE_0_NetworkFloor 1.027
[2015.12.11-03.45.24:941][174]LogBlueprintUserMessages: Late PlayInEditor Detection: Level '/Game/Maps/NetworkFloor.NetworkFloor:PersistentLevel' has LevelScriptBlueprint '/Game/Maps/NetworkFloor.NetworkFloor:PersistentLevel.NetworkFloor' with GeneratedClass '/Game/Maps/NetworkFloor.NetworkFloor_C' with ClassGeneratedBy '/Game/Maps/NetworkFloor.NetworkFloor:PersistentLevel.NetworkFloor'
[2015.12.11-03.45.30:460][778]LogBlueprintUserMessages: Early EndPlayMap Detection: Level '/Game/Maps/NetworkFloor.NetworkFloor:PersistentLevel' has LevelScriptBlueprint '/Game/Maps/NetworkFloor.NetworkFloor:PersistentLevel.NetworkFloor' with GeneratedClass '/Game/Maps/NetworkFloor.NetworkFloor_C' with ClassGeneratedBy '/Game/Maps/NetworkFloor.NetworkFloor:PersistentLevel.NetworkFloor'
[2015.12.11-03.45.30:502][778]LogBlueprintUserMessages: Late EndPlayMap Detection: Level '/Game/Maps/NetworkFloor.NetworkFloor:PersistentLevel' has LevelScriptBlueprint '/Game/Maps/NetworkFloor.NetworkFloor:PersistentLevel.NetworkFloor' with GeneratedClass '/Game/Maps/NetworkFloor.NetworkFloor_C' with ClassGeneratedBy '/Game/Maps/NetworkFloor.NetworkFloor:PersistentLevel.NetworkFloor'
[2015.12.11-03.45.30:567][779]LogParticles: Destroying 0 GPU particle simulations for FXSystem 0x0000000FDB2D87C0
[2015.12.11-03.46.10:457][774]LogSavePackage: Save=528.316650ms
[2015.12.11-03.46.10:457][774]LogSavePackage: Moving 'D:/Games/UE4/Multiplayer/Saved/BP_Relevancy_Replication_None85F2823045A9A1930E9B2C8598DFB57E.tmp' to 'D:/Games/UE4/Multiplayer/Content/ExampleContent/NetworkFeatures/Blueprints/BP_Relevancy_Replication_None.uasset'
[2015.12.11-03.46.10:458][774]LogSavePackage: Total save time: 531.055838ms
[2015.12.11-03.46.10:458][774]LogSavePackage:Display: Finished SavePackage D:/Games/UE4/Multiplayer/Content/ExampleContent/NetworkFeatures/Blueprints/BP_Relevancy_Replication_None.uasset
[2015.12.11-03.46.11:095][835]BlueprintLog: New page: Compile BP_Relevancy_Replication_None
[2015.12.11-03.46.11:159][835]BlueprintEditorCompileResults: Info [1025.79] Compile of BP_Relevancy_Replication_None successful! [in 62 ms]
[2015.12.11-03.46.22:078][902]LogEditorViewport: Clicking on Actor (LMB): PlayerStart (Player Start)
[2015.12.11-03.46.24:298][122]LogNavigationPoint: PostEditMove Clear paths rebuilt
[2015.12.11-03.46.31:356][804]LogBlueprintUserMessages: Early PlayInEditor Detection: Level '/Game/Maps/NetworkFloor.NetworkFloor:PersistentLevel' has LevelScriptBlueprint '/Game/Maps/NetworkFloor.NetworkFloor:PersistentLevel.NetworkFloor' with GeneratedClass '/Game/Maps/NetworkFloor.NetworkFloor_C' with ClassGeneratedBy '/Game/Maps/NetworkFloor.NetworkFloor:PersistentLevel.NetworkFloor'
[2015.12.11-03.46.31:356][804]LogPlayLevel: PlayLevel: No blueprints needed recompiling
[2015.12.11-03.46.31:360][804]PIE: New page: PIE session: NetworkFloor (Dec 10, 2015, 5:46:31 PM)
[2015.12.11-03.46.31:360][804]LogPlayLevel: Creating play world package: /Game/Maps/UEDPIE_1_NetworkFloor
[2015.12.11-03.46.31:364][804]LogPlayLevel: PIE: StaticDuplicateObject took: (0.004249s)
[2015.12.11-03.46.31:365][804]LogAIModule: Creating AISystem for world NetworkFloor
[2015.12.11-03.46.31:365][804]LogPlayLevel: PIE: World Init took: (0.000694s)
[2015.12.11-03.46.31:365][804]LogPlayLevel: PIE: Created PIE world by copying editor world from /Game/Maps/NetworkFloor.NetworkFloor to /Game/Maps/UEDPIE_1_NetworkFloor.NetworkFloor (0.005179s)
[2015.12.11-03.46.31:390][804]LogInit: XAudio2 using 'Speakers (Realtek High Definition Audio)' : 2 channels at 48 kHz using 32 bits per sample (channel mask 0x3)
[2015.12.11-03.46.31:399][804]LogInit: FAudioDevice initialized.
[2015.12.11-03.46.31:433][804]LogWorld: Game class is 'ThirdPersonGameMode_C'
[2015.12.11-03.46.31:436][804]LogWorld: Bringing World /Game/Maps/UEDPIE_1_NetworkFloor.NetworkFloor up for play (max tick rate 0) at 2015.12.10-22.46.31
[2015.12.11-03.46.31:436][804]LogActor:Warning: GameSession /Game/Maps/UEDPIE_1_NetworkFloor.NetworkFloor:PersistentLevel.GameSession_5 has natively added scene component(s), but none of them were set as the actor's RootComponent - picking one arbitrarily
[2015.12.11-03.46.31:436][804]LogActor:Warning: GameNetworkManager /Game/Maps/UEDPIE_1_NetworkFloor.NetworkFloor:PersistentLevel.GameNetworkManager_5 has natively added scene component(s), but none of them were set as the actor's RootComponent - picking one arbitrarily
[2015.12.11-03.46.31:436][804]LogWorld: Bringing up level for play took: 0.002517
[2015.12.11-03.46.31:437][804]LogInit: WinSock: Socket queue 131072 / 131072
[2015.12.11-03.46.31:437][804]LogNet: GameNetDriver IpNetDriver_2 IpNetDriver listening on port 7777
[2015.12.11-03.46.31:439][804]PIE: Info Play in editor start time for /Game/Maps/UEDPIE_1_NetworkFloor -0.475
[2015.12.11-03.46.31:443][804]PIE: New page: PIE session: NetworkFloor (Dec 10, 2015, 5:46:31 PM)
[2015.12.11-03.46.31:490][804]LogNet: Browse: 127.0.0.1//Game/ThirdPersonBP/Maps/ThirdPersonExampleMap
[2015.12.11-03.46.31:490][804]LogInit: WinSock: Socket queue 32768 / 32768
[2015.12.11-03.46.31:491][804]LogNet: Game client on port 7777, rate 10000
[2015.12.11-03.46.31:491][804]LogNet: GetLocalNetworkVersion: GEngineNetVersion: 2758231, ProjectName: multiplayer, ProjectVersion: 1.0.0.0, InternalProtocolVersion: 9, LocalNetworkVersion: 1837212031
[2015.12.11-03.46.31:520][804]PIE: Info Play in editor start time for /Game/ThirdPersonBP/Maps/ThirdPersonExampleMap -0.394
[2015.12.11-03.46.31:525][804]LogBlueprintUserMessages: Late PlayInEditor Detection: Level '/Game/Maps/NetworkFloor.NetworkFloor:PersistentLevel' has LevelScriptBlueprint '/Game/Maps/NetworkFloor.NetworkFloor:PersistentLevel.NetworkFloor' with GeneratedClass '/Game/Maps/NetworkFloor.NetworkFloor_C' with ClassGeneratedBy '/Game/Maps/NetworkFloor.NetworkFloor:PersistentLevel.NetworkFloor'
[2015.12.11-03.46.31:525][804]LogNet: NotifyAcceptingConnection: Server NetworkFloor accept
[2015.12.11-03.46.31:525][804]LogNet: Open NetworkFloor 12/10/15 22:46:31 127.0.0.1
[2015.12.11-03.46.31:525][804]LogNet: Added client connection.  Remote address = 127.0.0.1:58631
[2015.12.11-03.46.31:525][804]LogNet: NotifyAcceptingChannel Control 0 server World /Game/Maps/UEDPIE_1_NetworkFloor.NetworkFloor: Accepted
[2015.12.11-03.46.31:525][804]LogNet: Remote platform little endian=1
[2015.12.11-03.46.31:525][804]LogNet: This platform little endian=1
[2015.12.11-03.46.31:525][804]LogNet: GetLocalNetworkVersion: GEngineNetVersion: 2758231, ProjectName: multiplayer, ProjectVersion: 1.0.0.0, InternalProtocolVersion: 9, LocalNetworkVersion: 1837212031
[2015.12.11-03.46.31:543][805]LogNet: Login request: /Game/ThirdPersonBP/Maps/ThirdPersonExampleMap userId: Invalid
[2015.12.11-03.46.31:544][805]LogNet: Welcomed by server (Level: /Game/Maps/UEDPIE_1_NetworkFloor, Game: /Game/ThirdPersonBP/Blueprints/ThirdPersonGameMode.ThirdPersonGameMode_C)
[2015.12.11-03.46.31:561][805]LogLoad: LoadMap: 127.0.0.1//Game/Maps/UEDPIE_1_NetworkFloor?game=/Game/ThirdPersonBP/Blueprints/ThirdPersonGameMode.ThirdPersonGameMode_C
[2015.12.11-03.46.31:583][805]LogParticles: Destroying 0 GPU particle simulations for FXSystem 0x0000000FA5496660
[2015.12.11-03.46.31:588][805]Cmd: MEM
[2015.12.11-03.46.31:608][805]LogMemory: Platform Memory Stats for Windows
[2015.12.11-03.46.31:608][805]LogMemory: Process Physical Memory: 1762.52 MB used, 1762.53 MB peak
[2015.12.11-03.46.31:608][805]LogMemory: Process Virtual Memory: 2613.73 MB used, 2633.13 MB peak
[2015.12.11-03.46.31:608][805]LogMemory: Physical Memory: 4577.36 MB used, 8141.15 MB total
[2015.12.11-03.46.31:608][805]LogMemory: Virtual Memory: 3759.14 MB used, 134217728.00 MB total
[2015.12.11-03.46.31:608][805]LogMemory: 
[2015.12.11-03.46.31:608][805]Allocator Stats for TBB: (not implemented)
[2015.12.11-03.46.31:608][805]LogLinker: Can't find file for asset '/Game/Maps/UEDPIE_1_NetworkFloor' while loading NULL.
[2015.12.11-03.46.31:612][805]LogWorld: PIE: Copying PIE streaming level from /Game/Maps/NetworkFloor.NetworkFloor to /Game/Maps/UEDPIE_2_NetworkFloor.NetworkFloor. OwningWorld: None
[2015.12.11-03.46.31:613][805]LogAIModule: Creating AISystem for world NetworkFloor
[2015.12.11-03.46.31:616][805]LogWorld: Bringing World /Game/Maps/UEDPIE_2_NetworkFloor.NetworkFloor up for play (max tick rate 0) at 2015.12.10-22.46.31
[2015.12.11-03.46.31:616][805]LogWorld: Bringing up level for play took: 0.002383
[2015.12.11-03.46.31:631][806]LogNet: Client netspeed is 10000
[2015.12.11-03.46.31:631][806]LogNet: Join request: /Game/ThirdPersonBP/Maps/ThirdPersonExampleMap?SplitscreenCount=1
[2015.12.11-03.46.31:633][806]LogNet: Join succeeded: 263
[2015.12.11-03.46.43:726][842]LogBlueprintUserMessages: Early EndPlayMap Detection: Level '/Game/Maps/NetworkFloor.NetworkFloor:PersistentLevel' has LevelScriptBlueprint '/Game/Maps/NetworkFloor.NetworkFloor:PersistentLevel.NetworkFloor' with GeneratedClass '/Game/Maps/NetworkFloor.NetworkFloor_C' with ClassGeneratedBy '/Game/Maps/NetworkFloor.NetworkFloor:PersistentLevel.NetworkFloor'
[2015.12.11-03.46.43:772][842]LogSpawn:Warning: SpawnActor failed because we are in the process of tearing down the world
[2015.12.11-03.46.43:808][842]LogBlueprintUserMessages: Late EndPlayMap Detection: Level '/Game/Maps/NetworkFloor.NetworkFloor:PersistentLevel' has LevelScriptBlueprint '/Game/Maps/NetworkFloor.NetworkFloor:PersistentLevel.NetworkFloor' with GeneratedClass '/Game/Maps/NetworkFloor.NetworkFloor_C' with ClassGeneratedBy '/Game/Maps/NetworkFloor.NetworkFloor:PersistentLevel.NetworkFloor'
[2015.12.11-03.46.43:825][842]LogNet: UChannel::CleanUp: [GameNetDriver] [None] [None]. ChIndex == 0. Closing connection.
[2015.12.11-03.46.43:825][842]LogNet: UNetConnection::Close: Name: IpConnection_3, Driver: GameNetDriver IpNetDriver_2, PC: None, Owner: None, Channels: 2, RemoteAddr: 127.0.0.1:58631, Time: 2015.12.11-03.46.43
[2015.12.11-03.46.43:825][842]LogNet: UChannel::Close: Sending CloseBunch. ChIndex == 0. Name: ControlChannel_3
[2015.12.11-03.46.43:825][842]LogNet: UChannel::CleanUp: [GameNetDriver] [None] [None]. ChIndex == 0. Closing connection.
[2015.12.11-03.46.43:825][842]LogNet: UNetConnection::Close: Name: IpConnection_2, Driver: GameNetDriver IpNetDriver_3, PC: None, Owner: None, Channels: 2, RemoteAddr: 127.0.0.1:7777, Time: 2015.12.11-03.46.43
[2015.12.11-03.46.43:825][842]LogNet: UChannel::Close: Sending CloseBunch. ChIndex == 0. Name: ControlChannel_2
[2015.12.11-03.46.43:830][842]LogExit: GameNetDriver None shut down
[2015.12.11-03.46.43:830][842]LogParticles: Destroying 0 GPU particle simulations for FXSystem 0x0000000FB89E0B80
[2015.12.11-03.46.43:831][842]LogExit: GameNetDriver None shut down
[2015.12.11-03.46.43:831][842]LogParticles: Destroying 0 GPU particle simulations for FXSystem 0x0000001023B89B20
[2015.12.11-03.47.00:149][554]Cmd: OBJ SAVEPACKAGE PACKAGE="/Game/Maps/NetworkFloor" FILE="D:/Games/UE4/Multiplayer/Content/Maps/NetworkFloor.umap" SILENT=true AUTOSAVING=false KEEPDIRTY=false
[2015.12.11-03.47.00:239][554]LogSavePackage: Save=66.721214ms
[2015.12.11-03.47.00:239][554]LogSavePackage: Moving 'D:/Games/UE4/Multiplayer/Saved/NetworkFloor5416C4A9428636A5D701C287A9F834A9.tmp' to 'D:/Games/UE4/Multiplayer/Content/Maps/NetworkFloor.umap'
[2015.12.11-03.47.00:253][554]LogSavePackage: Total save time: 82.641833ms
[2015.12.11-03.47.00:253][554]LogSavePackage:Display: Finished SavePackage D:/Games/UE4/Multiplayer/Content/Maps/NetworkFloor.umap
[2015.12.11-04.05.56:077][254]LogActorComponent: UnregisterComponent: (/Engine/Transient.EditorFloorComp) Not registered. Aborting.
[2015.12.11-04.05.58:959][574]Cmd: OBJ SAVEPACKAGE PACKAGE="/Game/Maps/NetworkFloor" FILE="D:/Games/UE4/Multiplayer/Content/Maps/NetworkFloor.umap" SILENT=true AUTOSAVING=false KEEPDIRTY=false
[2015.12.11-04.05.58:979][574]LogParticles: Destroying 0 GPU particle simulations for FXSystem 0x0000000FEDFEB1A0
[2015.12.11-04.05.58:986][574]LogParticles: Destroying 0 GPU particle simulations for FXSystem 0x0000000FC3DDE5C0
[2015.12.11-04.05.59:054][574]LogSavePackage: Save=67.214523ms
[2015.12.11-04.05.59:054][574]LogSavePackage: Moving 'D:/Games/UE4/Multiplayer/Saved/NetworkFloor97799ED641869E2897CC079FCECB7617.tmp' to 'D:/Games/UE4/Multiplayer/Content/Maps/NetworkFloor.umap'
[2015.12.11-04.05.59:054][574]LogSavePackage: Total save time: 71.630262ms
[2015.12.11-04.05.59:054][574]LogSavePackage:Display: Finished SavePackage D:/Games/UE4/Multiplayer/Content/Maps/NetworkFloor.umap
[2015.12.11-04.06.04:750][248]LogWindowsTextInputMethodSystem:Display: IME system now deactivated.
[2015.12.11-04.06.04:939][249]Cmd: QUIT_EDITOR
[2015.12.11-04.06.05:611][249]LogExit: Preparing to exit.
[2015.12.11-04.06.06:956][249]LogExit: Editor shut down
[2015.12.11-04.06.06:957][249]LogExit: Transaction tracking system shut down
[2015.12.11-04.06.06:965][249]LogParticles: Destroying 0 GPU particle simulations for FXSystem 0x0000000FB89E34C0
[2015.12.11-04.06.06:966][249]LogParticles: Destroying 0 GPU particle simulations for FXSystem 0x0000000F939AF880
[2015.12.11-04.06.06:968][249]LogParticles: Destroying 0 GPU particle simulations for FXSystem 0x0000000F93A06840
[2015.12.11-04.06.06:968][249]LogParticles: Destroying 0 GPU particle simulations for FXSystem 0x0000000FB89E1580
[2015.12.11-04.06.06:972][249]LogParticles: Destroying 0 GPU particle simulations for FXSystem 0x0000000FBE1A8CC0
[2015.12.11-04.06.07:173][249]LogExit: Object subsystem successfully closed.
[2015.12.11-04.06.07:203][249]LogD3D11RHI: Shutdown
[2015.12.11-04.06.07:203][249]LogD3D11RHI: CleanupD3DDevice
[2015.12.11-04.06.07:277][249]LogD3D11RHI: ~FD3D11DynamicRHI
[2015.12.11-04.06.07:304][249]LogModuleManager: Shutting down and abandoning module CookingStats (202)
[2015.12.11-04.06.07:304][249]LogModuleManager: Shutting down and abandoning module BlueprintGraph (201)
[2015.12.11-04.06.07:304][249]LogModuleManager: Shutting down and abandoning module CrashTracker (200)
[2015.12.11-04.06.07:304][249]LogModuleManager: Shutting down and abandoning module SceneOutliner (199)
[2015.12.11-04.06.07:304][249]LogModuleManager: Shutting down and abandoning module SuperSearch (198)
[2015.12.11-04.06.07:304][249]LogModuleManager: Shutting down and abandoning module WidgetCarousel (197)
[2015.12.11-04.06.07:304][249]LogModuleManager: Shutting down and abandoning module AddContentDialog (196)
[2015.12.11-04.06.07:310][249]LogModuleManager: Shutting down and abandoning module EditorWidgets (195)
[2015.12.11-04.06.07:310][249]LogModuleManager: Shutting down and abandoning module CollectionManager (194)
[2015.12.11-04.06.07:310][249]LogModuleManager: Shutting down and abandoning module StatsViewer (193)
[2015.12.11-04.06.07:310][249]LogModuleManager: Shutting down and abandoning module FoliageEdit (192)
[2015.12.11-04.06.07:310][249]LogModuleManager: Shutting down and abandoning module LandscapeEditor (191)
[2015.12.11-04.06.07:311][249]LogModuleManager: Shutting down and abandoning module ActorPickerMode (190)
[2015.12.11-04.06.07:311][249]LogModuleManager: Shutting down and abandoning module GeometryMode (189)
[2015.12.11-04.06.07:311][249]LogModuleManager: Shutting down and abandoning module TextureAlignMode (188)
[2015.12.11-04.06.07:311][249]LogModuleManager: Shutting down and abandoning module BspMode (187)
[2015.12.11-04.06.07:311][249]LogModuleManager: Shutting down and abandoning module PlacementMode (186)
[2015.12.11-04.06.07:311][249]LogModuleManager: Shutting down and abandoning module AutomationWorker (185)
[2015.12.11-04.06.07:311][249]LogModuleManager: Shutting down and abandoning module HoudiniEngineEditor (184)
[2015.12.11-04.06.07:311][249]LogHoudiniEngineEditor: Shutting down the Houdini Engine Editor module.
[2015.12.11-04.06.07:311][249]LogModuleManager: Shutting down and abandoning module CharacterAI (183)
[2015.12.11-04.06.07:311][249]LogModuleManager: Shutting down and abandoning module SmartSnapping (182)
[2015.12.11-04.06.07:311][249]LogModuleManager: Shutting down and abandoning module ViewportSnapping (181)
[2015.12.11-04.06.07:311][249]LogModuleManager: Shutting down and abandoning module LogVisualizer (180)
[2015.12.11-04.06.07:311][249]LogModuleManager: Shutting down and abandoning module GameProjectGeneration (179)
[2015.12.11-04.06.07:312][249]LogModuleManager: Shutting down and abandoning module IntroTutorials (178)
[2015.12.11-04.06.07:312][249]LogModuleManager: Shutting down and abandoning module EditorLiveStreaming (177)
[2015.12.11-04.06.07:312][249]LogModuleManager: Shutting down and abandoning module IOSPlatformEditor (176)
[2015.12.11-04.06.07:312][249]LogModuleManager: Shutting down and abandoning module HTML5PlatformEditor (175)
[2015.12.11-04.06.07:312][249]LogModuleManager: Shutting down and abandoning module AndroidDeviceDetection (174)
[2015.12.11-04.06.07:881][249]LogModuleManager: Shutting down and abandoning module AndroidPlatformEditor (173)
[2015.12.11-04.06.07:881][249]LogModuleManager: Shutting down and abandoning module IOSRuntimeSettings (172)
[2015.12.11-04.06.07:881][249]LogModuleManager: Shutting down and abandoning module AndroidRuntimeSettings (171)
[2015.12.11-04.06.07:881][249]LogModuleManager: Shutting down and abandoning module MergeActors (170)
[2015.12.11-04.06.07:881][249]LogModuleManager: Shutting down and abandoning module SizeMap (169)
[2015.12.11-04.06.07:881][249]LogModuleManager: Shutting down and abandoning module TreeMap (168)
[2015.12.11-04.06.07:881][249]LogModuleManager: Shutting down and abandoning module ReferenceViewer (167)
[2015.12.11-04.06.07:881][249]LogModuleManager: Shutting down and abandoning module LocalizationService (166)
[2015.12.11-04.06.07:881][249]LogModuleManager: Shutting down and abandoning module LocalizationDashboard (165)
[2015.12.11-04.06.07:888][249]LogModuleManager: Shutting down and abandoning module HardwareTargeting (164)
[2015.12.11-04.06.07:888][249]LogModuleManager: Shutting down and abandoning module DeviceProfileEditor (163)
[2015.12.11-04.06.07:888][249]LogModuleManager: Shutting down and abandoning module UndoHistory (162)
[2015.12.11-04.06.07:888][249]LogModuleManager: Shutting down and abandoning module GameplayTagsEditor (161)
[2015.12.11-04.06.07:888][249]LogModuleManager: Shutting down and abandoning module UserFeedback (160)
[2015.12.11-04.06.07:888][249]LogModuleManager: Shutting down and abandoning module XmlParser (159)
[2015.12.11-04.06.07:888][249]LogModuleManager: Shutting down and abandoning module Blutility (158)
[2015.12.11-04.06.07:888][249]LogModuleManager: Shutting down and abandoning module ProjectTargetPlatformEditor (157)
[2015.12.11-04.06.07:888][249]LogModuleManager: Shutting down and abandoning module ProjectSettingsViewer (156)
[2015.12.11-04.06.07:888][249]LogModuleManager: Shutting down and abandoning module InputBindingEditor (155)
[2015.12.11-04.06.07:888][249]LogModuleManager: Shutting down and abandoning module EditorSettingsViewer (154)
[2015.12.11-04.06.07:888][249]LogModuleManager: Shutting down and abandoning module SettingsEditor (153)
[2015.12.11-04.06.07:888][249]LogModuleManager: Shutting down and abandoning module ProjectLauncher (152)
[2015.12.11-04.06.07:889][249]LogModuleManager: Shutting down and abandoning module SessionFrontend (151)
[2015.12.11-04.06.07:889][249]LogModuleManager: Shutting down and abandoning module ProfilerClient (150)
[2015.12.11-04.06.07:890][249]LogModuleManager: Shutting down and abandoning module TargetDeviceServices (149)
[2015.12.11-04.06.07:890][249]LogModuleManager: Shutting down and abandoning module DeviceManager (148)
[2015.12.11-04.06.07:890][249]LogModuleManager: Shutting down and abandoning module AutomationController (147)
[2015.12.11-04.06.07:890][249]LogModuleManager: Shutting down and abandoning module AutomationWindow (146)
[2015.12.11-04.06.07:890][249]LogModuleManager: Shutting down and abandoning module Layers (145)
[2015.12.11-04.06.07:892][249]LogModuleManager: Shutting down and abandoning module ComponentVisualizers (144)
[2015.12.11-04.06.07:892][249]LogModuleManager: Shutting down and abandoning module DetailCustomizations (143)
[2015.12.11-04.06.07:892][249]LogModuleManager: Shutting down and abandoning module PackagesDialog (142)
[2015.12.11-04.06.07:892][249]LogModuleManager: Shutting down and abandoning module Persona (141)
[2015.12.11-04.06.07:893][249]LogModuleManager: Shutting down and abandoning module Kismet (140)
[2015.12.11-04.06.07:893][249]LogModuleManager: Shutting down and abandoning module GraphEditor (139)
[2015.12.11-04.06.07:893][249]LogModuleManager: Shutting down and abandoning module ClassViewer (138)
[2015.12.11-04.06.07:894][249]LogModuleManager: Shutting down and abandoning module Toolbox (137)
[2015.12.11-04.06.07:894][249]LogModuleManager: Shutting down and abandoning module ModuleUI (136)
[2015.12.11-04.06.07:895][249]LogModuleManager: Shutting down and abandoning module MovieSceneTools (135)
[2015.12.11-04.06.07:895][249]LogModuleManager: Shutting down and abandoning module OutputLog (134)
[2015.12.11-04.06.07:895][249]LogModuleManager: Shutting down and abandoning module GammaUI (133)
[2015.12.11-04.06.07:895][249]LogModuleManager: Shutting down and abandoning module Documentation (132)
[2015.12.11-04.06.07:895][249]LogModuleManager: Shutting down and abandoning module GameLiveStreaming (131)
[2015.12.11-04.06.07:895][249]LogModuleManager: Shutting down and abandoning module StreamingPauseRendering (130)
[2015.12.11-04.06.07:895][249]LogModuleManager: Shutting down and abandoning module AnalyticsET (129)
[2015.12.11-04.06.07:895][249]LogModuleManager: Shutting down and abandoning module Analytics (128)
[2015.12.11-04.06.07:895][249]LogModuleManager: Shutting down and abandoning module AITestSuite (127)
[2015.12.11-04.06.07:895][249]LogModuleManager: Shutting down and abandoning module GameplayDebugger (126)
[2015.12.11-04.06.07:895][249]LogModuleManager: Shutting down and abandoning module AIModule (125)
[2015.12.11-04.06.07:895][249]LogModuleManager: Shutting down and abandoning module ProfilerService (124)
[2015.12.11-04.06.07:898][249]LogModuleManager: Shutting down and abandoning module TaskGraph (123)
[2015.12.11-04.06.07:898][249]LogModuleManager: Shutting down and abandoning module SlateRemote (122)
[2015.12.11-04.06.07:898][249]LogModuleManager: Shutting down and abandoning module SteamVRController (121)
[2015.12.11-04.06.07:898][249]LogModuleManager: Shutting down and abandoning module SteamVR (120)
[2015.12.11-04.06.07:898][249]LogModuleManager: Shutting down and abandoning module ProceduralMeshComponent (119)
[2015.12.11-04.06.07:898][249]LogModuleManager: Shutting down and abandoning module OculusLibrary (118)
[2015.12.11-04.06.07:898][249]LogModuleManager: Shutting down and abandoning module OculusInput (117)
[2015.12.11-04.06.07:898][249]LogModuleManager: Shutting down and abandoning module LeapMotionController (116)
[2015.12.11-04.06.07:910][249]LogModuleManager: Shutting down and abandoning module HoudiniEngineRuntime (115)
[2015.12.11-04.06.07:910][249]LogHoudiniEngine: Shutting down the Houdini Engine module.
[2015.12.11-04.06.07:914][249]LogModuleManager: Shutting down and abandoning module CustomMeshComponent (114)
[2015.12.11-04.06.07:914][249]LogModuleManager: Shutting down and abandoning module CableComponent (113)
[2015.12.11-04.06.07:914][249]LogModuleManager: Shutting down and abandoning module ArchVisCharacter (112)
[2015.12.11-04.06.07:914][249]LogModuleManager: Shutting down and abandoning module MessagingDebugger (111)
[2015.12.11-04.06.07:915][249]LogModuleManager: Shutting down and abandoning module MediaPlayerEditor (110)
[2015.12.11-04.06.07:915][249]LogModuleManager: Shutting down and abandoning module HTML5Networking (109)
[2015.12.11-04.06.07:915][249]LogModuleManager: Shutting down and abandoning module SpeedTreeImporter (108)
[2015.12.11-04.06.07:915][249]LogModuleManager: Shutting down and abandoning module PluginBrowser (107)
[2015.12.11-04.06.07:915][249]LogModuleManager: Shutting down and abandoning module EpicSurvey (106)
[2015.12.11-04.06.07:915][249]LogModuleManager: Shutting down and abandoning module DesktopPlatform (105)
[2015.12.11-04.06.07:915][249]LogModuleManager: Shutting down and abandoning module VisualStudioSourceCodeAccess (104)
[2015.12.11-04.06.07:915][249]LogModuleManager: Shutting down and abandoning module UObjectPlugin (103)
[2015.12.11-04.06.07:915][249]LogModuleManager: Shutting down and abandoning module SubversionSourceControl (102)
[2015.12.11-04.06.07:915][249]LogModuleManager: Shutting down and abandoning module PerforceSourceControl (101)
[2015.12.11-04.06.07:915][249]LogModuleManager: Shutting down and abandoning module SourceControl (100)
[2015.12.11-04.06.07:916][249]LogModuleManager: Shutting down and abandoning module GitSourceControl (99)
[2015.12.11-04.06.07:916][249]LogModuleManager: Shutting down and abandoning module LightPropagationVolumeEditor (98)
[2015.12.11-04.06.07:916][249]LogModuleManager: Shutting down and abandoning module PaperTiledImporter (97)
[2015.12.11-04.06.07:916][249]LogModuleManager: Shutting down and abandoning module PaperSpriteSheetImporter (96)
[2015.12.11-04.06.07:916][249]LogModuleManager: Shutting down and abandoning module MeshPaint (95)
[2015.12.11-04.06.07:916][249]LogModuleManager: Shutting down and abandoning module SlateReflector (94)
[2015.12.11-04.06.07:916][249]LogModuleManager: Shutting down and abandoning module HotReload (93)
[2015.12.11-04.06.07:916][249]LogModuleManager: Shutting down and abandoning module MainFrame (92)
[2015.12.11-04.06.07:916][249]LogModuleManager: Shutting down and abandoning module LevelEditor (91)
[2015.12.11-04.06.07:917][249]LogModuleManager: Shutting down and abandoning module DirectoryWatcher (90)
[2015.12.11-04.06.07:922][249]LogModuleManager: Shutting down and abandoning module AssetRegistry (89)
[2015.12.11-04.06.08:014][249]LogModuleManager: Shutting down and abandoning module ContentBrowser (88)
[2015.12.11-04.06.08:015][249]LogModuleManager: Shutting down and abandoning module Paper2DEditor (87)
[2015.12.11-04.06.08:015][249]LogModuleManager: Shutting down and abandoning module UdpMessaging (86)
[2015.12.11-04.06.08:116][249]LogModuleManager: Shutting down and abandoning module LightPropagationVolumeRuntime (85)
[2015.12.11-04.06.08:116][249]LogModuleManager: Shutting down and abandoning module Paper2D (84)
[2015.12.11-04.06.08:116][249]LogModuleManager: Shutting down and abandoning module WindowsMoviePlayer (83)
[2015.12.11-04.06.08:120][249]LogModuleManager: Shutting down and abandoning module Media (82)
[2015.12.11-04.06.08:120][249]LogModuleManager: Shutting down and abandoning module WmfMedia (81)
[2015.12.11-04.06.08:120][249]LogModuleManager: Shutting down and abandoning module OnlineBlueprintSupport (80)
[2015.12.11-04.06.08:120][249]LogModuleManager: Shutting down and abandoning module GameplayTasksEditor (79)
[2015.12.11-04.06.08:120][249]LogModuleManager: Shutting down and abandoning module PropertyEditor (78)
[2015.12.11-04.06.08:120][249]LogModuleManager: Shutting down and abandoning module BehaviorTreeEditor (77)
[2015.12.11-04.06.08:121][249]LogModuleManager: Shutting down and abandoning module FunctionalTesting (76)
[2015.12.11-04.06.08:121][249]LogModuleManager: Shutting down and abandoning module CollisionAnalyzer (75)
[2015.12.11-04.06.08:121][249]LogModuleManager: Shutting down and abandoning module WorkspaceMenuStructure (74)
[2015.12.11-04.06.08:121][249]LogModuleManager: Shutting down and abandoning module MessageLog (73)
[2015.12.11-04.06.08:121][249]LogModuleManager: Shutting down and abandoning module Sequencer (72)
[2015.12.11-04.06.08:122][249]LogModuleManager: Shutting down and abandoning module AssetTools (71)
[2015.12.11-04.06.08:122][249]LogModuleManager: Shutting down and abandoning module UMGEditor (70)
[2015.12.11-04.06.08:123][249]LogModuleManager: Shutting down and abandoning module UMG (69)
[2015.12.11-04.06.08:124][249]LogModuleManager: Shutting down and abandoning module Slate (68)
[2015.12.11-04.06.08:124][249]LogModuleManager: Shutting down and abandoning module EditorStyle (67)
[2015.12.11-04.06.08:126][249]LogModuleManager: Shutting down and abandoning module SessionServices (66)
[2015.12.11-04.06.08:126][249]LogModuleManager: Shutting down and abandoning module SourceCodeAccess (65)
[2015.12.11-04.06.08:127][249]LogModuleManager: Shutting down and abandoning module HeadMountedDisplay (64)
[2015.12.11-04.06.08:127][249]LogModuleManager: Shutting down and abandoning module XAudio2 (63)
[2015.12.11-04.06.08:127][249]LogModuleManager: Shutting down and abandoning module Networking (61)
[2015.12.11-04.06.08:127][249]LogModuleManager: Shutting down and abandoning module Core (60)
[2015.12.11-04.06.08:127][249]LogModuleManager: Shutting down and abandoning module KismetCompiler (59)
[2015.12.11-04.06.08:127][249]LogModuleManager: Shutting down and abandoning module PhysXFormats (58)
[2015.12.11-04.06.08:127][249]LogModuleManager: Shutting down and abandoning module MeshUtilities (57)
[2015.12.11-04.06.08:127][249]LogModuleManager: Shutting down and abandoning module DerivedDataCache (56)
[2015.12.11-04.06.08:154][249]LogDerivedDataCache: Shutdown
[2015.12.11-04.06.08:154][249]LogModuleManager: Shutting down and abandoning module ShaderFormatOpenGL (55)
[2015.12.11-04.06.08:155][249]LogModuleManager: Shutting down and abandoning module ShaderFormatD3D (54)
[2015.12.11-04.06.08:155][249]LogModuleManager: Shutting down and abandoning module MetalShaderFormat (53)
[2015.12.11-04.06.08:155][249]LogModuleManager: Shutting down and abandoning module TextureFormatUncompressed (52)
[2015.12.11-04.06.08:155][249]LogModuleManager: Shutting down and abandoning module TextureFormatPVR (51)
[2015.12.11-04.06.08:155][249]LogModuleManager: Shutting down and abandoning module TextureFormatIntelISPCTexComp (50)
[2015.12.11-04.06.08:155][249]LogModuleManager: Shutting down and abandoning module TextureFormatDXT (49)
[2015.12.11-04.06.08:155][249]LogModuleManager: Shutting down and abandoning module ImageWrapper (48)
[2015.12.11-04.06.08:155][249]LogModuleManager: Shutting down and abandoning module TextureFormatASTC (47)
[2015.12.11-04.06.08:155][249]LogModuleManager: Shutting down and abandoning module TextureFormatAndroid (46)
[2015.12.11-04.06.08:155][249]LogModuleManager: Shutting down and abandoning module AudioFormatOpus (45)
[2015.12.11-04.06.08:155][249]LogModuleManager: Shutting down and abandoning module AudioFormatOgg (44)
[2015.12.11-04.06.08:155][249]LogModuleManager: Shutting down and abandoning module AudioFormatADPCM (43)
[2015.12.11-04.06.08:155][249]LogModuleManager: Shutting down and abandoning module LinuxTargetPlatform (42)
[2015.12.11-04.06.08:156][249]LogModuleManager: Shutting down and abandoning module LinuxServerTargetPlatform (41)
[2015.12.11-04.06.08:156][249]LogModuleManager: Shutting down and abandoning module LinuxNoEditorTargetPlatform (40)
[2015.12.11-04.06.08:156][249]LogModuleManager: Shutting down and abandoning module Messaging (39)
[2015.12.11-04.06.08:156][249]LogModuleManager: Shutting down and abandoning module IOSTargetPlatform (38)
[2015.12.11-04.06.08:156][249]LogModuleManager: Shutting down and abandoning module HTML5TargetPlatform (37)
[2015.12.11-04.06.08:156][249]LogModuleManager: Shutting down and abandoning module Android_PVRTCTargetPlatform (36)
[2015.12.11-04.06.08:156][249]LogModuleManager: Shutting down and abandoning module Android_MultiTargetPlatform (35)
[2015.12.11-04.06.08:156][249]LogModuleManager: Shutting down and abandoning module Android_ETC2TargetPlatform (34)
[2015.12.11-04.06.08:156][249]LogModuleManager: Shutting down and abandoning module Android_ETC1TargetPlatform (33)
[2015.12.11-04.06.08:156][249]LogModuleManager: Shutting down and abandoning module Android_DXTTargetPlatform (32)
[2015.12.11-04.06.08:156][249]LogModuleManager: Shutting down and abandoning module Android_ATCTargetPlatform (31)
[2015.12.11-04.06.08:156][249]LogModuleManager: Shutting down and abandoning module Android_ASTCTargetPlatform (30)
[2015.12.11-04.06.08:156][249]LogModuleManager: Shutting down and abandoning module AndroidTargetPlatform (29)
[2015.12.11-04.06.08:156][249]LogModuleManager: Shutting down and abandoning module WindowsTargetPlatform (28)
[2015.12.11-04.06.08:156][249]LogModuleManager: Shutting down and abandoning module WindowsServerTargetPlatform (27)
[2015.12.11-04.06.08:156][249]LogModuleManager: Shutting down and abandoning module WindowsNoEditorTargetPlatform (26)
[2015.12.11-04.06.08:156][249]LogModuleManager: Shutting down and abandoning module WindowsClientTargetPlatform (25)
[2015.12.11-04.06.08:156][249]LogModuleManager: Shutting down and abandoning module AllDesktopTargetPlatform (24)
[2015.12.11-04.06.08:156][249]LogModuleManager: Shutting down and abandoning module TargetPlatform (23)
[2015.12.11-04.06.08:156][249]LogModuleManager: Shutting down and abandoning module InputCore (22)
[2015.12.11-04.06.08:156][249]LogModuleManager: Shutting down and abandoning module Settings (21)
[2015.12.11-04.06.08:156][249]LogModuleManager: Shutting down and abandoning module OnlineSubsystem (19)
[2015.12.11-04.06.08:156][249]LogModuleManager: Shutting down and abandoning module HTTP (18)
[2015.12.11-04.06.09:158][249]LogModuleManager: Shutting down and abandoning module XMPP (17)
[2015.12.11-04.06.09:164][249]LogModuleManager: Shutting down and abandoning module OculusRift (16)
[2015.12.11-04.06.09:165][249]LogModuleManager: Shutting down and abandoning module ExampleDeviceProfileSelector (15)
[2015.12.11-04.06.09:165][249]LogModuleManager: Shutting down and abandoning module TextureCompressor (14)
[2015.12.11-04.06.09:165][249]LogModuleManager: Shutting down and abandoning module ShaderCore (13)
[2015.12.11-04.06.09:165][249]LogModuleManager: Shutting down and abandoning module Landscape (12)
[2015.12.11-04.06.09:165][249]LogModuleManager: Shutting down and abandoning module SlateRHIRenderer (11)
[2015.12.11-04.06.09:177][249]LogModuleManager: Shutting down and abandoning module OpenGLDrv (10)
[2015.12.11-04.06.09:178][249]LogModuleManager: Shutting down and abandoning module D3D11RHI (9)
[2015.12.11-04.06.09:178][249]LogModuleManager: Shutting down and abandoning module AnimGraphRuntime (8)
[2015.12.11-04.06.09:178][249]LogModuleManager: Shutting down and abandoning module Renderer (7)
[2015.12.11-04.06.09:178][249]LogModuleManager: Shutting down and abandoning module Engine (6)
[2015.12.11-04.06.09:178][249]LogModuleManager: Shutting down and abandoning module CoreUObject (5)
[2015.12.11-04.06.09:178][249]LogModuleManager: Shutting down and abandoning module NetworkFile (4)
[2015.12.11-04.06.09:178][249]LogModuleManager: Shutting down and abandoning module StreamingFile (3)
[2015.12.11-04.06.09:178][249]LogModuleManager: Shutting down and abandoning module SandboxFile (2)
[2015.12.11-04.06.09:178][249]LogModuleManager: Shutting down and abandoning module PakFile (1)
[2015.12.11-04.06.09:181][249]LogExit: Exiting.
[2015.12.11-04.06.09:184][249]Log file closed, 12/10/15 23:06:09
