[2015.12.07-15.00.45:134][  0]Log file open, 12/07/15 10:00:45
[2015.12.07-15.00.45:134][  0]LogInit:Display: Running engine for game: Multiplayer
[2015.12.07-15.00.45:134][  0]LogPlatformFile: Not using cached read wrapper
[2015.12.07-15.00.45:134][  0]LogInit:Display: RandInit(-327806779) SRandInit(-327806778).
[2015.12.07-15.00.45:134][  0]LogTaskGraph: Started task graph with 4 named threads and 7 total threads.
[2015.12.07-15.00.45:134][  0]LogStats: Stats thread started at 0.077689
[2015.12.07-15.00.45:134][  0]LogInit: Version: 4.10.0-2758231+++depot+UE4-Releases+4.10
[2015.12.07-15.00.45:134][  0]LogInit: API Version: 2758231
[2015.12.07-15.00.45:134][  0]LogInit: Compiled (64-bit): Nov  7 2015 05:13:45
[2015.12.07-15.00.45:134][  0]LogInit: Compiled with Visual C++: 19.00.23026.00
[2015.12.07-15.00.45:134][  0]LogInit: Build Configuration: Development
[2015.12.07-15.00.45:134][  0]LogInit: Branch Name: ++depot+UE4-Releases+4.10
[2015.12.07-15.00.45:134][  0]LogInit: Command line:  
[2015.12.07-15.00.45:134][  0]LogInit: Base directory: C:/Program Files/Epic Games/4.10/Engine/Binaries/Win64/
[2015.12.07-15.00.45:134][  0]LogInit: Rocket: 1
[2015.12.07-15.00.45:145][  0]LogInit: Using libcurl 7.41.0
[2015.12.07-15.00.45:145][  0]LogInit:  - built for x86_64-pc-win32
[2015.12.07-15.00.45:145][  0]LogInit:  - supports SSL with WinSSL
[2015.12.07-15.00.45:145][  0]LogInit:  - other features:
[2015.12.07-15.00.45:145][  0]LogInit:      CURL_VERSION_SSL
[2015.12.07-15.00.45:145][  0]LogInit:      CURL_VERSION_IPV6
[2015.12.07-15.00.45:145][  0]LogInit:      CURL_VERSION_ASYNCHDNS
[2015.12.07-15.00.45:145][  0]LogInit:      CURL_VERSION_LARGEFILE
[2015.12.07-15.00.45:145][  0]LogInit:      CURL_VERSION_IDN
[2015.12.07-15.00.45:145][  0]LogInit:  CurlRequestOptions (configurable via config and command line):
[2015.12.07-15.00.45:145][  0]LogInit:  - bVerifyPeer = true  - Libcurl will verify peer certificate
[2015.12.07-15.00.45:145][  0]LogInit:  - bUseHttpProxy = false  - Libcurl will NOT use HTTP proxy
[2015.12.07-15.00.45:145][  0]LogInit:  - bDontReuseConnections = false  - Libcurl will reuse connections
[2015.12.07-15.00.45:145][  0]LogInit:  - CertBundlePath = nullptr  - Libcurl will use whatever was configured at build time.
[2015.12.07-15.00.45:153][  0]LogInit: Presizing for 0 objects not considered by GC, pre-allocating 0 bytes.
[2015.12.07-15.00.45:160][  0]LogInit: Object subsystem initialized
[2015.12.07-15.00.45:161][  0]LogInit: Selected Device Profile: [Windows]
[2015.12.07-15.00.45:161][  0]LogInit: Applying CVar settings loaded from the selected device profile: [Windows]
[2015.12.07-15.00.45:171][  0]LogInit: Computer: CRODAWIN10
[2015.12.07-15.00.45:171][  0]LogInit: User: croda
[2015.12.07-15.00.45:171][  0]LogInit: CPU Page size=4096, Cores=4
[2015.12.07-15.00.45:171][  0]LogInit: High frequency timer resolution =2.630641 MHz
[2015.12.07-15.00.45:171][  0]LogMemory: Memory total: Physical=15.9GB (16GB approx)
[2015.12.07-15.00.45:171][  0]LogMemory: Platform Memory Stats for Windows
[2015.12.07-15.00.45:171][  0]LogMemory: Process Physical Memory: 56.15 MB used, 56.15 MB peak
[2015.12.07-15.00.45:171][  0]LogMemory: Process Virtual Memory: 56.84 MB used, 56.84 MB peak
[2015.12.07-15.00.45:171][  0]LogMemory: Physical Memory: 4533.00 MB used, 16323.13 MB total
[2015.12.07-15.00.45:171][  0]LogMemory: Virtual Memory: 378.83 MB used, 134217728.00 MB total
[2015.12.07-15.00.45:203][  0]LogTextLocalizationManager: No specific translations for ('en-US') exist, so ('en') translations will be used.
[2015.12.07-15.00.45:861][  0]LogD3D11RHI: Found D3D11 adapter 0: NVIDIA Quadro K5100M (Feature Level 11_0)
[2015.12.07-15.00.45:861][  0]LogD3D11RHI: Adapter has 8100MB of dedicated video memory, 0MB of dedicated system memory, and 8161MB of shared system memory, 1 output[s]
[2015.12.07-15.00.45:862][  0]LogD3D11RHI: Found D3D11 adapter 1: Microsoft Basic Render Driver (Feature Level 11_0)
[2015.12.07-15.00.45:862][  0]LogD3D11RHI: Adapter has 0MB of dedicated video memory, 0MB of dedicated system memory, and 8161MB of shared system memory, 0 output[s]
[2015.12.07-15.00.45:862][  0]LogD3D11RHI: Chosen D3D11 Adapter Id = 0
[2015.12.07-15.00.45:868][  0]LogD3D11RHI: !Direct3DDevice
[2015.12.07-15.00.45:868][  0]LogRHI: Texture pool is 1361 MB (70% of 1945 MB)
[2015.12.07-15.00.45:892][  0]LogD3D11RHI: Async texture creation enabled
[2015.12.07-15.00.45:909][  0]LogShaderCompilers: Guid format shader working directory is -21 characters bigger than the processId version (../../../../../../Users/croda/Documents/Unreal Projects/Multiplayer/Intermediate/Shaders/WorkingDirectory/7352/).
[2015.12.07-15.00.45:909][  0]LogShaderCompilers: Cleaned the shader compiler working directory 'C:/Users/croda/AppData/Local/Temp/UnrealShaderWorkingDir/BDB2B3C8401B4068838637A5A3E534DE/'.
[2015.12.07-15.00.45:909][  0]LogShaderCompilers:Display: Using Local Shader Compiler.
[2015.12.07-15.00.46:732][  0]LogTemp:Display: Loaded TP AllDesktopTargetPlatform
[2015.12.07-15.00.46:737][  0]LogTemp:Display: Loaded TP WindowsClientTargetPlatform
[2015.12.07-15.00.46:742][  0]LogTemp:Display: Loaded TP WindowsNoEditorTargetPlatform
[2015.12.07-15.00.46:747][  0]LogTemp:Display: Loaded TP WindowsServerTargetPlatform
[2015.12.07-15.00.46:752][  0]LogTemp:Display: Loaded TP WindowsTargetPlatform
[2015.12.07-15.00.46:756][  0]LogTemp:Display: Loaded TP AndroidTargetPlatform
[2015.12.07-15.00.46:760][  0]LogTemp:Display: Loaded TP Android_ASTCTargetPlatform
[2015.12.07-15.00.46:763][  0]LogTemp:Display: Loaded TP Android_ATCTargetPlatform
[2015.12.07-15.00.46:767][  0]LogTemp:Display: Loaded TP Android_DXTTargetPlatform
[2015.12.07-15.00.46:770][  0]LogTemp:Display: Loaded TP Android_ETC1TargetPlatform
[2015.12.07-15.00.46:774][  0]LogTemp:Display: Loaded TP Android_ETC2TargetPlatform
[2015.12.07-15.00.46:782][  0]LogTemp:Display: Loaded TP Android_MultiTargetPlatform
[2015.12.07-15.00.46:782][  0]LogTemp:Display: Loaded TP Android_PVRTCTargetPlatform
[2015.12.07-15.00.46:783][  0]LogTemp:Display: Loaded TP HTML5TargetPlatform
[2015.12.07-15.00.46:801][  0]LogTemp:Display: Loaded TP IOSTargetPlatform
[2015.12.07-15.00.46:804][  0]LogTemp:Display: Loaded TP LinuxNoEditorTargetPlatform
[2015.12.07-15.00.46:808][  0]LogTemp:Display: Loaded TP LinuxServerTargetPlatform
[2015.12.07-15.00.46:812][  0]LogTemp:Display: Loaded TP LinuxTargetPlatform
[2015.12.07-15.00.46:812][  0]LogTargetPlatformManager:Display: Building Assets For Windows
[2015.12.07-15.00.46:899][  0]LogDerivedDataCache:Display: Max Cache Size: 512 MB
[2015.12.07-15.00.46:956][  0]LogDerivedDataCache: Loaded boot cache 0.06s 42MB C:/Users/croda/AppData/Local/UnrealEngine/4.10/DerivedDataCache/Boot.ddc.
[2015.12.07-15.00.46:956][  0]LogDerivedDataCache:Display: Loaded Boot cache: C:/Users/croda/AppData/Local/UnrealEngine/4.10/DerivedDataCache/Boot.ddc
[2015.12.07-15.00.46:956][  0]LogDerivedDataCache: FDerivedDataBackendGraph:  Pak pak cache file ../../../../../../Users/croda/Documents/Unreal Projects/Multiplayer/DerivedDataCache/DDC.ddp not found, will not use a pak cache.
[2015.12.07-15.00.46:956][  0]LogDerivedDataCache: Unable to find inner node Pak for hierarchical cache Hierarchy.
[2015.12.07-15.00.46:956][  0]LogDerivedDataCache: FDerivedDataBackendGraph:  CompressedPak pak cache file ../../../../../../Users/croda/Documents/Unreal Projects/Multiplayer/DerivedDataCache/Compressed.ddp not found, will not use a pak cache.
[2015.12.07-15.00.46:956][  0]LogDerivedDataCache: Unable to find inner node CompressedPak for hierarchical cache Hierarchy.
[2015.12.07-15.00.47:041][  0]LogDerivedDataCache:Display: Pak cache opened for reading ../../../Engine/DerivedDataCache/Compressed.ddp.
[2015.12.07-15.00.47:053][  0]LogDerivedDataCache: Using Local data cache path C:/Users/croda/AppData/Local/UnrealEngine/Common/DerivedDataCache: Writable
[2015.12.07-15.00.47:236][  0]LogInit: Selected Device Profile: [Windows]
[2015.12.07-15.00.47:238][  0]LogContentStreaming: Texture pool size is 0.000000MB
[2015.12.07-15.00.47:350][  0]LogMeshUtilities: No automatic mesh reduction module available
[2015.12.07-15.00.47:350][  0]LogMeshUtilities: No automatic mesh merging module available
[2015.12.07-15.00.47:626][  0]LogInit: WinSock: version 1.1 (2.2), MaxSocks=32767, MaxUdp=65467
[2015.12.07-15.00.48:539][  0]UdpMessaging: Initializing bridge on interface 0.0.0.0:0 to multicast group 230.0.0.1:6666.
[2015.12.07-15.00.48:687][  0]LogAssetRegistry: FAssetRegistry took 0.0107 seconds to start up
[2015.12.07-15.00.48:867][  0]SourceControl: Info Source control is disabled
[2015.12.07-15.00.48:868][  0]SourceControl: Info Source control is disabled
[2015.12.07-15.00.48:880][  0]SourceControl: Info Source control is disabled
[2015.12.07-15.00.48:891][  0]SourceControl: Info Source control is disabled
[2015.12.07-15.00.49:054][  0]LogHoudiniEngine: Starting the Houdini Engine module.
[2015.12.07-15.00.49:055][  0]LogHoudiniEngine: Loaded libHAPIL.dll from Registry path C:\Program Files\Side Effects Software\Houdini 15.0.313/bin
[2015.12.07-15.00.49:056][  0]LogLinker:Warning: Asset '../../../Engine/Plugins/Runtime/HoudiniEngine/Content/houdini_logo.uasset' has been saved with empty engine version. The asset will be loaded but may be incompatible.
[2015.12.07-15.00.49:058][  0]LogLinker:Warning: Asset '../../../Engine/Plugins/Runtime/HoudiniEngine/Content/houdini_default_material.uasset' has been saved with empty engine version. The asset will be loaded but may be incompatible.
[2015.12.07-15.00.49:853][  0]LogHoudiniEngine: Successfully intialized the Houdini Engine API module.
[2015.12.07-15.00.49:967][  0]LogObj: 28754 objects as part of root set at end of initial load.
[2015.12.07-15.00.49:967][  0]LogUObjectAllocator: 6134984 out of 0 bytes used by permanent object pool.
[2015.12.07-15.00.50:029][  0]LogEngine: Initializing Engine...
[2015.12.07-15.00.50:032][  0]LogHMD: Can't find Oculus library dev build: is proper Runtime installed? Version: 0.8.0.0
[2015.12.07-15.00.50:033][  0]LogHMD: SteamVR failed to initialize.  Err: 110
[2015.12.07-15.00.50:175][  0]LogAIModule: Creating AISystem for world NewWorld
[2015.12.07-15.00.50:182][  0]LogInit: XAudio2 using 'Speakers / Headphones (Realtek High Definition Audio)' : 2 channels at 48 kHz using 32 bits per sample (channel mask 0x3)
[2015.12.07-15.00.50:318][  0]LogInit: FAudioDevice initialized.
[2015.12.07-15.00.50:460][  0]LogDerivedDataCache: Saved boot cache 0.14s 42MB C:/Users/croda/AppData/Local/UnrealEngine/4.10/DerivedDataCache/Boot.ddc.
[2015.12.07-15.00.50:462][  0]LogInit: Texture streaming: Enabled
[2015.12.07-15.00.50:469][  0]LogAnalytics: Creating configured Analytics provider AnalyticsET
[2015.12.07-15.00.50:469][  0]LogAnalytics: [UEEditor.Rocket.Release] APIServer = http://et2.epicgames.com/ET2/. AppVersion = 4.10.0-2758231+++depot+UE4-Releases+4.10
[2015.12.07-15.00.50:469][  0]LogAnalytics: [UEEditor.Rocket.Release] SetUserId 38384f7f4fe22369eef2c4908fb1257c|6dee01914e174258b8c89718799d58e5|4a372342-4369-4fb5-aabc-8ff6b2bfbeff
[2015.12.07-15.00.50:469][  0]LogAnalytics: [UEEditor.Rocket.Release] AnalyticsET::StartSession
[2015.12.07-15.00.50:510][  0]LogInit: Transaction tracking system initialized
[2015.12.07-15.00.50:563][  0]BlueprintLog: New page: Editor Load
[2015.12.07-15.00.50:827][  0]LocalizationService: Info Localization service is disabled
[2015.12.07-15.00.50:907][  0]LogConsoleResponse:Display: 
[2015.12.07-15.00.51:039][  0]LogCook:Display: Done creating registry. It took  0.00s.
[2015.12.07-15.00.51:080][  0]LogFileCache: Scanning file cache for directory 'C:/Users/croda/Documents/Unreal Projects/Multiplayer/Content/' took 0.02s
[2015.12.07-15.00.51:080][  0]LogHoudiniEngineEditor: Starting the Houdini Engine Editor module.
[2015.12.07-15.00.51:133][  0]SourceControl: Info Source control is disabled
[2015.12.07-15.00.51:133][  0]Cmd: MAP LOAD FILE="../../../../../../Users/croda/Documents/Unreal Projects/Multiplayer/Content/ThirdPersonBP/Maps/ThirdPersonExampleMap.umap" TEMPLATE=0 SHOWPROGRESS=1 FEATURELEVEL=3
[2015.12.07-15.00.51:134][  0]LightingResults: New page: Lighting Build
[2015.12.07-15.00.51:139][  0]MapCheck: New page: Map Check
[2015.12.07-15.00.51:139][  0]LightingResults: New page: Lighting Build
[2015.12.07-15.00.51:156][  0]LogParticles: Destroying 0 GPU particle simulations for FXSystem 0x000000A278A51620
[2015.12.07-15.00.51:735][  0]LogAIModule: Creating AISystem for world ThirdPersonExampleMap
[2015.12.07-15.00.51:744][  0]LogEditorServer: Finished looking for orphan Actors (0.000 secs)
[2015.12.07-15.00.51:745][  0]Cmd: MAP CHECKDEP NOCLEARLOG
[2015.12.07-15.00.51:876][  0]MapCheck: Info Map check complete: 0 Error(s), 0 Warning(s), took 131.017ms to complete.
[2015.12.07-15.00.51:876][  0]LogFileHelpers: Loading map 'ThirdPersonExampleMap' took 0.744
[2015.12.07-15.00.51:986][  0]LogCollectionManager: Loaded 0 collections in 0.002468 seconds
[2015.12.07-15.00.52:030][  0]LogFileCache: Scanning file cache for directory 'C:/Users/croda/Documents/Unreal Projects/Multiplayer/Saved/Collections/' took 0.01s
[2015.12.07-15.00.52:030][  0]LogFileCache: Scanning file cache for directory 'C:/Users/croda/Documents/Unreal Projects/Multiplayer/Content/Developers/croda/Collections/' took 0.01s
[2015.12.07-15.00.52:030][  0]LogFileCache: Scanning file cache for directory 'C:/Users/croda/Documents/Unreal Projects/Multiplayer/Content/Collections/' took 0.01s
[2015.12.07-15.00.52:030][  0]LogCollectionManager: Rebuilt the GUID cache for 0 collections in 0.000002 seconds
[2015.12.07-15.00.52:038][  0]LogContentBrowser: Native class hierarchy populated in 0.0082 seconds. Added 1919 classes and 343 folders.
[2015.12.07-15.00.52:048][  0]LogContentBrowser: Native class hierarchy updated for 'WidgetCarousel' in 0.0005 seconds. Added 0 classes and 0 folders.
[2015.12.07-15.00.52:115][  0]LogContentBrowser: Native class hierarchy updated for 'AddContentDialog' in 0.0004 seconds. Added 0 classes and 0 folders.
[2015.12.07-15.00.52:119][  0]LogContentBrowser: Native class hierarchy updated for 'SceneOutliner' in 0.0005 seconds. Added 1 classes and 2 folders.
[2015.12.07-15.00.52:183][  0]LogCrashTracker: Crashtracker disabled due to settings.
[2015.12.07-15.00.52:191][  0]LogUObjectGlobals:Warning: Failed to find object 'Class None.'
[2015.12.07-15.00.52:214][  0]LogLoad: Full Startup: 7.50 seconds (BP compile: 0.11 seconds)
[2015.12.07-15.00.52:227][  0]LogOcInput: Can't find Oculus library dev build: is proper Runtime installed? Version: 0.8.0.0
[2015.12.07-15.00.52:271][  0]LogContentStreaming: Texture pool size now 1000 MB
[2015.12.07-15.00.52:465][  0]LogRenderer: Reallocating scene render targets to support 1036x572 (Frame:2).
[2015.12.07-15.00.52:801][  5]LogAssetRegistry: Asset discovery search completed in 4.1251 seconds
[2015.12.07-15.00.52:801][  5]LogCollectionManager: Rebuilt the object cache for 0 collections in 0.000001 seconds (found 0 objects)
[2015.12.07-15.00.52:801][  5]LogCollectionManager: Fixed up redirectors for 0 collections in 0.000032 seconds (updated 0 objects)
[2015.12.07-15.00.59:450][201]Cmd: MAP LOAD FILE="../../../../../../Users/croda/Documents/Unreal Projects/Multiplayer/Content/ThirdPersonBP/Maps/ThirdPersonExampleMap.umap" TEMPLATE=0 SHOWPROGRESS=1 FEATURELEVEL=3
[2015.12.07-15.00.59:450][201]LightingResults: New page: Lighting Build
[2015.12.07-15.00.59:470][201]LoadErrors: New page: Loading map: ThirdPersonExampleMap.umap
[2015.12.07-15.00.59:473][201]MapCheck: New page: Map Check
[2015.12.07-15.00.59:473][201]LightingResults: New page: Lighting Build
[2015.12.07-15.00.59:488][201]LogParticles: Destroying 0 GPU particle simulations for FXSystem 0x000000A260DE72E0
[2015.12.07-15.00.59:519][201]LogAIModule: Creating AISystem for world ThirdPersonExampleMap
[2015.12.07-15.00.59:575][201]LogEditorServer: Finished looking for orphan Actors (0.000 secs)
[2015.12.07-15.00.59:598][201]Cmd: MAP CHECKDEP NOCLEARLOG
[2015.12.07-15.00.59:708][201]MapCheck: Info Map check complete: 0 Error(s), 0 Warning(s), took 110.73ms to complete.
[2015.12.07-15.00.59:709][201]LogFileHelpers: Loading map 'ThirdPersonExampleMap' took 0.260
[2015.12.07-15.01.15:351][670]Cmd: MAP LOAD FILE="../../../../../../Users/croda/Documents/Unreal Projects/Multiplayer/Content/Maps/Network_Features.umap" TEMPLATE=0 SHOWPROGRESS=1 FEATURELEVEL=3
[2015.12.07-15.01.15:375][670]LightingResults: New page: Lighting Build
[2015.12.07-15.01.15:395][670]LoadErrors: New page: Loading map: Network_Features.umap
[2015.12.07-15.01.15:396][670]MapCheck: New page: Map Check
[2015.12.07-15.01.15:396][670]LightingResults: New page: Lighting Build
[2015.12.07-15.01.15:409][670]LogParticles: Destroying 0 GPU particle simulations for FXSystem 0x000000A25F68D940
[2015.12.07-15.01.16:213][670]LogLinker:Warning: CreateExport: Failed to load Parent for Function /Game/ExampleContent/NetworkFeatures/Blueprints/BP_Ghost_Replicates.BP_Ghost_Replicates_C:UserConstructionScript; removing parent information, but keeping function
[2015.12.07-15.01.16:224][670]LogBlueprint:Warning: [compiler BP_Ghost_Replicates_AuthoritySwitch] Warning  Set Text (String)  is deprecated; Use the SetText function taking an FText instead.
[2015.12.07-15.01.16:224][670]LogBlueprint:Warning: [compiler BP_Ghost_Replicates_AuthoritySwitch] Warning  Set Text (String)  is deprecated; Use the SetText function taking an FText instead.
[2015.12.07-15.01.16:225][670]LogBlueprint:Warning: [compiler BP_Ghost_Replicates_AuthoritySwitch] Warning [0031.51] Compile of BP_Ghost_Replicates_AuthoritySwitch successful, but with 2 Warning(s) [in 2 ms]
[2015.12.07-15.01.16:225][670]LogBlueprint:Warning: [compiler BP_Ghost_Replicates_AuthoritySwitch] Warning [0031.51] Compile of BP_Ghost_Replicates_AuthoritySwitch successful, but with 3 Warning(s) [in 0 ms]
[2015.12.07-15.01.16:225][670]LogBlueprint:Warning: [compiler BP_Ghost_Replicates_AuthoritySwitch] Warning [0031.51] Compile of BP_Ghost_Replicates_AuthoritySwitch successful, but with 4 Warning(s) [in 0 ms]
[2015.12.07-15.01.16:228][670]LogBlueprint:Warning: [compiler BP_Ghost_Replicates_AuthoritySwitch] Warning  Set Text (String)  is deprecated; Use the SetText function taking an FText instead.
[2015.12.07-15.01.16:228][670]LogBlueprint:Warning: [compiler BP_Ghost_Replicates_AuthoritySwitch] Warning  Set Text (String)  is deprecated; Use the SetText function taking an FText instead.
[2015.12.07-15.01.16:229][670]LogBlueprint:Warning: [compiler BP_Ghost_Replicates_AuthoritySwitch] Warning [0031.51] Compile of BP_Ghost_Replicates_AuthoritySwitch successful, but with 2 Warning(s) [in 2 ms]
[2015.12.07-15.01.16:229][670]LogBlueprint:Warning: [compiler BP_Ghost_Replicates_AuthoritySwitch] Warning [0031.51] Compile of BP_Ghost_Replicates_AuthoritySwitch successful, but with 3 Warning(s) [in 0 ms]
[2015.12.07-15.01.16:229][670]LogBlueprint:Warning: [compiler BP_Ghost_Replicates_AuthoritySwitch] Warning [0031.51] Compile of BP_Ghost_Replicates_AuthoritySwitch successful, but with 4 Warning(s) [in 0 ms]
[2015.12.07-15.01.16:245][670]LogBlueprint:Warning: [compiler BP_Ghost_Variable_Replication_Enabled] Warning  Set Text (String)  is deprecated; Use the SetText function taking an FText instead.
[2015.12.07-15.01.16:247][670]LogBlueprint:Warning: [compiler BP_Ghost_Variable_Replication_Enabled] Warning [0031.53] Compile of BP_Ghost_Variable_Replication_Enabled successful, but with 1 Warning(s) [in 4 ms]
[2015.12.07-15.01.16:247][670]LogBlueprint:Warning: [compiler BP_Ghost_Variable_Replication_Enabled] Warning [0031.53] Compile of BP_Ghost_Variable_Replication_Enabled successful, but with 2 Warning(s) [in 0 ms]
[2015.12.07-15.01.16:247][670]LogBlueprint:Warning: [compiler BP_Ghost_Variable_Replication_Enabled] Warning [0031.53] Compile of BP_Ghost_Variable_Replication_Enabled successful, but with 3 Warning(s) [in 0 ms]
[2015.12.07-15.01.16:251][670]LogBlueprint:Warning: [compiler BP_Ghost_Variable_Replication_Enabled] Warning  Set Text (String)  is deprecated; Use the SetText function taking an FText instead.
[2015.12.07-15.01.16:253][670]LogBlueprint:Warning: [compiler BP_Ghost_Variable_Replication_Enabled] Warning [0031.54] Compile of BP_Ghost_Variable_Replication_Enabled successful, but with 1 Warning(s) [in 4 ms]
[2015.12.07-15.01.16:253][670]LogBlueprint:Warning: [compiler BP_Ghost_Variable_Replication_Enabled] Warning [0031.54] Compile of BP_Ghost_Variable_Replication_Enabled successful, but with 2 Warning(s) [in 0 ms]
[2015.12.07-15.01.16:253][670]LogBlueprint:Warning: [compiler BP_Ghost_Variable_Replication_Enabled] Warning [0031.54] Compile of BP_Ghost_Variable_Replication_Enabled successful, but with 3 Warning(s) [in 0 ms]
[2015.12.07-15.01.16:270][670]LogBlueprint:Warning: [compiler BP_Ghost_Variable_Replication_None] Warning  Set Text (String)  is deprecated; Use the SetText function taking an FText instead.
[2015.12.07-15.01.16:272][670]LogBlueprint:Warning: [compiler BP_Ghost_Variable_Replication_None] Warning [0031.56] Compile of BP_Ghost_Variable_Replication_None successful, but with 1 Warning(s) [in 4 ms]
[2015.12.07-15.01.16:272][670]LogBlueprint:Warning: [compiler BP_Ghost_Variable_Replication_None] Warning [0031.56] Compile of BP_Ghost_Variable_Replication_None successful, but with 2 Warning(s) [in 0 ms]
[2015.12.07-15.01.16:272][670]LogBlueprint:Warning: [compiler BP_Ghost_Variable_Replication_None] Warning [0031.56] Compile of BP_Ghost_Variable_Replication_None successful, but with 3 Warning(s) [in 0 ms]
[2015.12.07-15.01.16:276][670]LogBlueprint:Warning: [compiler BP_Ghost_Variable_Replication_None] Warning  Set Text (String)  is deprecated; Use the SetText function taking an FText instead.
[2015.12.07-15.01.16:278][670]LogBlueprint:Warning: [compiler BP_Ghost_Variable_Replication_None] Warning [0031.56] Compile of BP_Ghost_Variable_Replication_None successful, but with 1 Warning(s) [in 4 ms]
[2015.12.07-15.01.16:278][670]LogBlueprint:Warning: [compiler BP_Ghost_Variable_Replication_None] Warning [0031.56] Compile of BP_Ghost_Variable_Replication_None successful, but with 2 Warning(s) [in 0 ms]
[2015.12.07-15.01.16:278][670]LogBlueprint:Warning: [compiler BP_Ghost_Variable_Replication_None] Warning [0031.56] Compile of BP_Ghost_Variable_Replication_None successful, but with 3 Warning(s) [in 0 ms]
[2015.12.07-15.01.16:536][670]LogStaticMesh: Building static mesh SM_BaseRoom...
[2015.12.07-15.01.16:697][670]LogStaticMesh: Built static mesh [0.161679.2s] /Game/DemoRoom/Meshes/SM_BaseRoom.SM_BaseRoom
[2015.12.07-15.01.16:754][670]LogStaticMesh: Building static mesh SM_Base_FlatWall...
[2015.12.07-15.01.16:760][670]LogStaticMesh: Built static mesh [0.005525.2s] /Game/DemoRoom/Meshes/SM_Base_FlatWall.SM_Base_FlatWall
[2015.12.07-15.01.16:835][670]LogTexture:Display: Building textures: T_RoomTiles_N (BC5)
[2015.12.07-15.01.17:435][670]LogTexture:Display: Building textures: T_RoomTiles_M (DXT1)
[2015.12.07-15.01.18:354][670]LogMaterial: Missing cached shader map for material M_DemoRoomTiles, compiling. 
[2015.12.07-15.01.18:399][670]LogMaterial: Missing cached shader map for material M_DemoWall, compiling. 
[2015.12.07-15.01.18:424][670]LogStaticMesh: Building static mesh SM_DemoRoomBackWall2...
[2015.12.07-15.01.18:424][670]LogStaticMesh: Built static mesh [0.000948.2s] /Game/DemoRoom/Meshes/SM_DemoRoomBackWall2.SM_DemoRoomBackWall2
[2015.12.07-15.01.18:426][670]LogStaticMesh: Building static mesh SM_DemoRoomBackWall...
[2015.12.07-15.01.18:427][670]LogStaticMesh: Built static mesh [0.001239.2s] /Game/DemoRoom/Meshes/SM_DemoRoomBackWall.SM_DemoRoomBackWall
[2015.12.07-15.01.18:430][670]LogStaticMesh: Building static mesh SM_DemoDivider_2...
[2015.12.07-15.01.18:453][670]LogStaticMesh: Built static mesh [0.023188.2s] /Game/DemoRoom/Meshes/SM_DemoDivider_2.SM_DemoDivider_2
[2015.12.07-15.01.18:463][670]LogMaterial: Missing cached shader map for material M_LightTube, compiling. 
[2015.12.07-15.01.18:471][670]LogStaticMesh: Building static mesh SM_DemoRoomClamp...
[2015.12.07-15.01.18:555][670]LogStaticMesh: Built static mesh [0.084607.2s] /Game/DemoRoom/Meshes/SM_DemoRoomClamp.SM_DemoRoomClamp
[2015.12.07-15.01.18:581][670]LogStaticMesh: Building static mesh SM_DemoRoomTrim...
[2015.12.07-15.01.18:719][670]LogStaticMesh: Built static mesh [0.137334.2s] /Game/DemoRoom/Meshes/SM_DemoRoomTrim.SM_DemoRoomTrim
[2015.12.07-15.01.18:766][670]LogStaticMesh: Building static mesh SM_DemoRoomLTrim...
[2015.12.07-15.01.18:767][670]LogStaticMesh: Built static mesh [0.001101.2s] /Game/DemoRoom/Meshes/SM_DemoRoomLTrim.SM_DemoRoomLTrim
[2015.12.07-15.01.18:769][670]LogStaticMesh: Building static mesh SM_DemoRoomL...
[2015.12.07-15.01.18:782][670]LogStaticMesh: Built static mesh [0.012547.2s] /Game/DemoRoom/Meshes/SM_DemoRoomL.SM_DemoRoomL
[2015.12.07-15.01.18:790][670]LogStaticMesh: Building static mesh SM_DemoRoomClamp2...
[2015.12.07-15.01.18:875][670]LogStaticMesh: Built static mesh [0.085957.2s] /Game/DemoRoom/Meshes/SM_DemoRoomClamp2.SM_DemoRoomClamp2
[2015.12.07-15.01.18:897][670]LogStaticMesh: Building static mesh SM_DemoRoomU2...
[2015.12.07-15.01.18:923][670]LogStaticMesh: Built static mesh [0.026738.2s] /Game/DemoRoom/Meshes/SM_DemoRoomU2.SM_DemoRoomU2
[2015.12.07-15.01.18:934][670]LogStaticMesh: Building static mesh SM_DemoRoomU...
[2015.12.07-15.01.18:958][670]LogStaticMesh: Built static mesh [0.024402.2s] /Game/DemoRoom/Meshes/SM_DemoRoomU.SM_DemoRoomU
[2015.12.07-15.01.18:971][670]LogStaticMesh: Building static mesh SM_DemoRoomTrimAdd...
[2015.12.07-15.01.19:061][670]LogStaticMesh: Built static mesh [0.090955.2s] /Game/DemoRoom/Meshes/SM_DemoRoomTrimAdd.SM_DemoRoomTrimAdd
[2015.12.07-15.01.19:089][670]LogStaticMesh: Building static mesh SM_DemoRoomTrim2...
[2015.12.07-15.01.19:239][670]LogStaticMesh: Built static mesh [0.150546.2s] /Game/DemoRoom/Meshes/SM_DemoRoomTrim2.SM_DemoRoomTrim2
[2015.12.07-15.01.19:283][670]LogStaticMesh: Building static mesh SM_URoom_Wall2...
[2015.12.07-15.01.19:283][670]LogStaticMesh: Built static mesh [0.000850.2s] /Game/DemoRoom/Meshes/SM_URoom_Wall2.SM_URoom_Wall2
[2015.12.07-15.01.19:283][670]LogPhysics:Warning: PHYSX: ..\..\PhysXCooking\src\convex\ConvexHullBuilder.cpp (1116) 32 : ConvexHullBuilder::CreateTrianglesFromPolygons: convex hull has a polygon with less than 3 vertices!
[2015.12.07-15.01.19:283][670]LogPhysics:Warning: PHYSX: ..\..\PhysXCooking\src\convex\ConvexMeshBuilder.cpp (253) 32 : Gu::ConvexMesh::loadConvexHull: convex hull init failed! Try to use the PxConvexFlag::eINFLATE_CONVEX flag. (see PxToolkit::createConvexMeshSafe)
[2015.12.07-15.01.19:283][670]LogPhysics:Warning: Failed to cook convex: /Game/DemoRoom/Meshes/SM_URoom_Wall2.SM_URoom_Wall2 0 (FlipX:1). The remaining elements will not get cooked.
[2015.12.07-15.01.19:284][670]LogStaticMesh: Building static mesh SM_URoom_Wall...
[2015.12.07-15.01.19:285][670]LogStaticMesh: Built static mesh [0.000482.2s] /Game/DemoRoom/Meshes/SM_URoom_Wall.SM_URoom_Wall
[2015.12.07-15.01.19:288][670]LogStaticMesh: Building static mesh SM_DemoRoomU_Hole...
[2015.12.07-15.01.19:324][670]LogStaticMesh: Built static mesh [0.036627.2s] /Game/DemoRoom/Meshes/SM_DemoRoomU_Hole.SM_DemoRoomU_Hole
[2015.12.07-15.01.19:336][670]LogTexture:Display: Building textures: T_Pixel_Noise (AutoDXT)
[2015.12.07-15.01.19:341][670]LogMaterial: Missing cached shader map for material M_Ghost_Body, compiling. 
[2015.12.07-15.01.19:366][670]LogStaticMesh: Building static mesh SM_Ghost...
[2015.12.07-15.01.19:391][670]LogStaticMesh: Built static mesh [0.025946.2s] /Game/ExampleContent/NetworkFeatures/Meshes/SM_Ghost.SM_Ghost
[2015.12.07-15.01.19:554][670]LogTexture:Display: Building textures: T_Pattern_M (AutoDXT)
[2015.12.07-15.01.20:799][670]LogTexture:Display: Building textures: T_UnrealEngineDecal (DXT1)
[2015.12.07-15.01.21:067][670]LogMaterial: Missing cached shader map for material M_DemoWallPattern, compiling. 
[2015.12.07-15.01.21:085][670]LogMaterial: Missing cached shader map for material M_DemoWallPattern, compiling. 
[2015.12.07-15.01.21:100][670]LogStaticMesh: Building static mesh SM_DemoDivider_1...
[2015.12.07-15.01.21:132][670]LogStaticMesh: Built static mesh [0.032746.2s] /Game/DemoRoom/Meshes/SM_DemoDivider_1.SM_DemoDivider_1
[2015.12.07-15.01.21:145][670]LogMaterial: Missing cached shader map for material M_Glass, compiling. 
[2015.12.07-15.01.21:169][670]LogMaterial: Missing cached shader map for material M_Glass, compiling. 
[2015.12.07-15.01.21:183][670]LogMaterial: Missing cached shader map for material M_DemoWallPattern, compiling. 
[2015.12.07-15.01.21:615][670]LogStaticMesh: Building static mesh SM_Pickup_Cupcake...
[2015.12.07-15.01.21:627][670]LogStaticMesh: Built static mesh [0.013447.2s] /Game/ExampleContent/Blueprints/Meshes/SM_Pickup_Cupcake.SM_Pickup_Cupcake
[2015.12.07-15.01.21:628][670]LogStaticMesh: Building static mesh Mug...
[2015.12.07-15.01.21:680][670]LogStaticMesh: Built static mesh [0.051819.2s] /Game/ExampleContent/NetworkFeatures/Meshes/Mug.Mug
[2015.12.07-15.01.21:695][670]LogMaterial: Missing cached shader map for material M_Radial_Gradient, compiling. 
[2015.12.07-15.01.21:744][670]LogTexture:Display: Building textures: T_UE4_Logo_M (AutoDXT)
[2015.12.07-15.01.22:001][670]LogMaterial: Missing cached shader map for material M_UE4_Logo_Alt_1, compiling. 
[2015.12.07-15.01.22:029][670]LogStaticMesh: Building static mesh SM_Button_Base...
[2015.12.07-15.01.22:045][670]LogStaticMesh: Built static mesh [0.016073.2s] /Game/ExampleContent/Blueprints/Meshes/SM_Button_Base.SM_Button_Base
[2015.12.07-15.01.22:051][670]LogStaticMesh: Building static mesh SM_Button...
[2015.12.07-15.01.22:055][670]LogStaticMesh: Built static mesh [0.004794.2s] /Game/ExampleContent/Blueprints/Meshes/SM_Button.SM_Button
[2015.12.07-15.01.22:059][670]LogStaticMesh: Building static mesh SM_UE4_Logo...
[2015.12.07-15.01.22:226][670]LogStaticMesh: Built static mesh [0.167500.2s] /Game/DemoRoom/Meshes/SM_UE4_Logo.SM_UE4_Logo
[2015.12.07-15.01.22:273][670]LogMaterial: Missing cached shader map for material M_UE4_Logo_2, compiling. 
[2015.12.07-15.01.22:297][670]LogMaterial: Missing cached shader map for material M_Orange_Shiny, compiling. 
[2015.12.07-15.01.22:433][670]LogTexture:Display: Building textures: T_MugLogo_D (AutoDXT)
[2015.12.07-15.01.22:714][670]LogTexture:Display: Building textures: T_Mug_N (BC5)
[2015.12.07-15.01.23:538][670]LogTexture:Display: Building textures: T_Mug_M (AutoDXT)
[2015.12.07-15.01.25:335][670]LogMaterial: Missing cached shader map for material M_Mug, compiling. 
[2015.12.07-15.01.25:387][670]LogStaticMesh: Building static mesh SM_Radius_Ring...
[2015.12.07-15.01.25:388][670]LogStaticMesh: Built static mesh [0.002318.2s] /Game/ExampleContent/NetworkFeatures/Meshes/SM_Radius_Ring.SM_Radius_Ring
[2015.12.07-15.01.25:393][670]LogTexture:Display: Building textures: T_Space (AutoDXT)
[2015.12.07-15.01.25:434][670]LogMaterial: Missing cached shader map for material M_Energy_Burst, compiling. 
[2015.12.07-15.01.25:452][670]LogTexture:Display: Building textures: T_sunflare (AutoDXT)
[2015.12.07-15.01.25:523][670]LogMaterial: Missing cached shader map for material m_flare_03, compiling. 
[2015.12.07-15.01.25:553][670]LogTexture:Display: Building textures: T_Treasure_N (BC5)
[2015.12.07-15.01.25:605][670]LogMaterial: Missing cached shader map for material M_Gold_Pile, compiling. 
[2015.12.07-15.01.25:628][670]LogStaticMesh: Building static mesh SM_Chest_Bottom...
[2015.12.07-15.01.25:637][670]LogStaticMesh: Built static mesh [0.009858.2s] /Game/ExampleContent/NetworkFeatures/Meshes/SM_Chest_Bottom.SM_Chest_Bottom
[2015.12.07-15.01.25:638][670]LogStaticMesh: Building static mesh SM_Chest_Lid...
[2015.12.07-15.01.25:651][670]LogStaticMesh: Built static mesh [0.014029.2s] /Game/ExampleContent/NetworkFeatures/Meshes/SM_Chest_Lid.SM_Chest_Lid
[2015.12.07-15.01.25:653][670]LogStaticMesh: Building static mesh SM_Treasure_Pile...
[2015.12.07-15.01.25:685][670]LogStaticMesh: Built static mesh [0.032209.2s] /Game/ExampleContent/NetworkFeatures/Meshes/SM_Treasure_Pile.SM_Treasure_Pile
[2015.12.07-15.01.25:689][670]LogStaticMesh: Building static mesh SM_Open_Square...
[2015.12.07-15.01.25:689][670]LogStaticMesh: Built static mesh [0.000612.2s] /Game/ExampleContent/NetworkFeatures/Meshes/SM_Open_Square.SM_Open_Square
[2015.12.07-15.01.25:690][670]LogStaticMesh: Building static mesh SM_Coin_Small...
[2015.12.07-15.01.25:691][670]LogStaticMesh: Built static mesh [0.001218.2s] /Game/ExampleContent/NetworkFeatures/Meshes/SM_Coin_Small.SM_Coin_Small
[2015.12.07-15.01.25:822][670]LogTexture:Display: Building textures: T_Treasure_Chest_N (BC5)
[2015.12.07-15.01.26:778][670]LogTexture:Display: Building textures: T_Treasure_Chest_M (AutoDXT)
[2015.12.07-15.01.30:485][670]LogMaterial: Missing cached shader map for material M_Treasure_Chest, compiling. 
[2015.12.07-15.01.30:509][670]LogMaterial: Missing cached shader map for material M_Radius_Glow, compiling. 
[2015.12.07-15.01.30:551][670]LogTexture:Display: Building textures: T_TrafficLight_Emissive (AutoDXT)
[2015.12.07-15.01.30:938][670]LogTexture:Display: Building textures: T_ExampleLayers_Metal01_N (BC5)
[2015.12.07-15.01.32:168][670]LogTexture:Display: Building textures: T_ExampleLayers_Metal01_D (AutoDXT)
[2015.12.07-15.01.39:100][670]LogMaterial: Missing cached shader map for material M_Metal_UsingMF, compiling. 
[2015.12.07-15.01.39:113][670]LogStaticMesh: Building static mesh SM_Traffic_Light...
[2015.12.07-15.01.39:133][670]LogStaticMesh: Built static mesh [0.020135.2s] /Game/ExampleContent/NetworkFeatures/Meshes/SM_Traffic_Light.SM_Traffic_Light
[2015.12.07-15.01.39:151][670]LogMaterial: Missing cached shader map for material M_TrafficLight, compiling. 
[2015.12.07-15.01.39:266][670]LogTexture:Display: Building textures: HQ_Lightmap0_1 (AutoDXT)
[2015.12.07-15.01.40:721][670]LogTexture:Display: Building textures: HQ_Lightmap0_2 (AutoDXT)
[2015.12.07-15.01.42:016][670]LogTexture:Display: Building textures: HQ_Lightmap0_3 (AutoDXT)
[2015.12.07-15.01.43:009][670]LogTexture:Display: Building textures: HQ_Lightmap0_4 (AutoDXT)
[2015.12.07-15.01.44:455][670]LogTexture:Display: Building textures: HQ_Lightmap0_5 (AutoDXT)
[2015.12.07-15.01.44:667][670]LogTexture:Display: Building textures: HQ_Lightmap0_6 (AutoDXT)
[2015.12.07-15.01.44:720][670]LogTexture:Display: Building textures: HQ_Lightmap0_7 (AutoDXT)
[2015.12.07-15.01.44:833][670]LogTexture:Display: Building textures: HQ_Lightmap1_1 (AutoDXT)
[2015.12.07-15.01.46:301][670]LogTexture:Display: Building textures: HQ_Lightmap1_2 (AutoDXT)
[2015.12.07-15.01.47:619][670]LogTexture:Display: Building textures: HQ_Lightmap1_3 (AutoDXT)
[2015.12.07-15.01.48:584][670]LogTexture:Display: Building textures: HQ_Lightmap1_4 (AutoDXT)
[2015.12.07-15.01.50:004][670]LogTexture:Display: Building textures: HQ_Lightmap1_5 (AutoDXT)
[2015.12.07-15.01.50:211][670]LogTexture:Display: Building textures: HQ_Lightmap1_6 (AutoDXT)
[2015.12.07-15.01.50:298][670]LogTexture:Display: Building textures: LQ_Lightmap_0_1 (DXT1)
[2015.12.07-15.01.50:885][670]LogTexture:Display: Building textures: LQ_Lightmap_0_2 (DXT1)
[2015.12.07-15.01.51:403][670]LogTexture:Display: Building textures: LQ_Lightmap_0_3 (DXT1)
[2015.12.07-15.01.51:807][670]LogTexture:Display: Building textures: LQ_Lightmap_0_4 (DXT1)
[2015.12.07-15.01.52:408][670]LogTexture:Display: Building textures: LQ_Lightmap_0_5 (DXT1)
[2015.12.07-15.01.52:489][670]LogTexture:Display: Building textures: LQ_Lightmap_0_6 (DXT1)
[2015.12.07-15.01.52:530][670]LogTexture:Display: Building textures: LQ_Lightmap_0_7 (DXT1)
[2015.12.07-15.01.52:575][670]LogStaticMesh: Building static mesh SM_Base...
[2015.12.07-15.01.52:770][670]LogStaticMesh: Built static mesh [0.194791.2s] /Game/DemoRoom/Meshes/SM_Base.SM_Base
[2015.12.07-15.01.52:836][670]LogTexture:Display: Building textures: ShadowMapTexture2D_0 (BGRA8)
[2015.12.07-15.01.52:887][670]LogTexture:Display: Building textures: ShadowMapTexture2D_1 (BGRA8)
[2015.12.07-15.01.52:931][670]LogTexture:Display: Building textures: ShadowMapTexture2D_131 (BGRA8)
[2015.12.07-15.01.52:977][670]LogTexture:Display: Building textures: ShadowMapTexture2D_132 (BGRA8)
[2015.12.07-15.01.53:023][670]LogTexture:Display: Building textures: ShadowMapTexture2D_133 (BGRA8)
[2015.12.07-15.01.53:068][670]LogTexture:Display: Building textures: ShadowMapTexture2D_134 (BGRA8)
[2015.12.07-15.01.53:104][670]LogTexture:Display: Building textures: ShadowMapTexture2D_135 (BGRA8)
[2015.12.07-15.01.53:115][670]LogTexture:Display: Building textures: ShadowMapTexture2D_2 (BGRA8)
[2015.12.07-15.01.53:161][670]LogTexture:Display: Building textures: ShadowMapTexture2D_3 (BGRA8)
[2015.12.07-15.01.53:200][670]LogTexture:Display: Building textures: ShadowMapTexture2D_4 (BGRA8)
[2015.12.07-15.01.53:203][670]LogTexture:Display: Building textures: ShadowMapTexture2D_5 (BGRA8)
[2015.12.07-15.01.53:206][670]LogStaticMesh: Building static mesh SM_NamePlate...
[2015.12.07-15.01.53:211][670]LogStaticMesh: Built static mesh [0.006103.2s] /Game/DemoRoom/Meshes/SM_NamePlate.SM_NamePlate
[2015.12.07-15.01.53:224][670]LogTexture:Display: Building textures: T_Cupcake (AutoDXT)
[2015.12.07-15.01.53:423][670]LogMaterial: Missing cached shader map for material M_Pickup_Cupcake, compiling. 
[2015.12.07-15.01.53:521][670]LogStaticMesh: Building static mesh SM_Base2...
[2015.12.07-15.01.53:608][670]LogStaticMesh: Built static mesh [0.087481.2s] /Game/DemoRoom/Meshes/SM_Base2.SM_Base2
[2015.12.07-15.01.53:636][670]LogMaterial: Missing cached shader map for material DefaultTextMaterialTranslucentUnlit, compiling. 
[2015.12.07-15.01.53:792][670]LogAIModule: Creating AISystem for world Network_Features
[2015.12.07-15.01.54:086][670]LogEditorServer: Finished looking for orphan Actors (0.000 secs)
[2015.12.07-15.01.54:127][670]Cmd: MAP CHECKDEP NOCLEARLOG
[2015.12.07-15.01.54:383][670]MapCheck: Info Map check complete: 0 Error(s), 0 Warning(s), took 255.225ms to complete.
[2015.12.07-15.01.54:383][670]LogFileHelpers: Loading map 'Network_Features' took 39.033
[2015.12.07-15.02.53:031][104]LogBlueprintUserMessages: Early PlayInEditor Detection: Level '/Game/Maps/Network_Features.Network_Features:PersistentLevel' has LevelScriptBlueprint '/Game/Maps/Network_Features.Network_Features:PersistentLevel.Network_Features' with GeneratedClass '/Game/Maps/Network_Features.Network_Features_C' with ClassGeneratedBy '/Game/Maps/Network_Features.Network_Features:PersistentLevel.Network_Features'
[2015.12.07-15.02.53:032][104]LogPlayLevel: PlayLevel: No blueprints needed recompiling
[2015.12.07-15.02.53:032][104]PIE: New page: PIE session: Network_Features (Dec 7, 2015, 5:02:53 AM)
[2015.12.07-15.02.53:033][104]LogPlayLevel: Creating play world package: /Game/Maps/UEDPIE_0_Network_Features
[2015.12.07-15.02.53:059][104]LogPlayLevel: PIE: StaticDuplicateObject took: (0.025829s)
[2015.12.07-15.02.53:060][104]LogAIModule: Creating AISystem for world Network_Features
[2015.12.07-15.02.53:060][104]LogPlayLevel: PIE: World Init took: (0.000710s)
[2015.12.07-15.02.53:061][104]LogPlayLevel: PIE: Created PIE world by copying editor world from /Game/Maps/Network_Features.Network_Features to /Game/Maps/UEDPIE_0_Network_Features.Network_Features (0.027444s)
[2015.12.07-15.02.53:138][104]LogInit: XAudio2 using 'Speakers / Headphones (Realtek High Definition Audio)' : 2 channels at 48 kHz using 32 bits per sample (channel mask 0x3)
[2015.12.07-15.02.53:155][104]LogInit: FAudioDevice initialized.
[2015.12.07-15.02.53:214][104]LogWorld: Game class is 'BP_GameMode_Network_C'
[2015.12.07-15.02.53:236][104]LogWorld: Bringing World /Game/Maps/UEDPIE_0_Network_Features.Network_Features up for play (max tick rate 0) at 2015.12.07-10.02.53
[2015.12.07-15.02.53:236][104]LogActor:Warning: GameSession /Game/Maps/UEDPIE_0_Network_Features.Network_Features:PersistentLevel.GameSession_0 has natively added scene component(s), but none of them were set as the actor's RootComponent - picking one arbitrarily
[2015.12.07-15.02.53:237][104]LogActor:Warning: GameNetworkManager /Game/Maps/UEDPIE_0_Network_Features.Network_Features:PersistentLevel.GameNetworkManager_0 has natively added scene component(s), but none of them were set as the actor's RootComponent - picking one arbitrarily
[2015.12.07-15.02.53:241][104]LogWorld: Bringing up level for play took: 0.024965
[2015.12.07-15.02.53:257][104]PIE: Info Play in editor start time for /Game/Maps/UEDPIE_0_Network_Features 0.319
[2015.12.07-15.02.53:258][104]LogBlueprintUserMessages: Late PlayInEditor Detection: Level '/Game/Maps/Network_Features.Network_Features:PersistentLevel' has LevelScriptBlueprint '/Game/Maps/Network_Features.Network_Features:PersistentLevel.Network_Features' with GeneratedClass '/Game/Maps/Network_Features.Network_Features_C' with ClassGeneratedBy '/Game/Maps/Network_Features.Network_Features:PersistentLevel.Network_Features'
[2015.12.07-15.03.36:917][524]LogBlueprintUserMessages: Early EndPlayMap Detection: Level '/Game/Maps/Network_Features.Network_Features:PersistentLevel' has LevelScriptBlueprint '/Game/Maps/Network_Features.Network_Features:PersistentLevel.Network_Features' with GeneratedClass '/Game/Maps/Network_Features.Network_Features_C' with ClassGeneratedBy '/Game/Maps/Network_Features.Network_Features:PersistentLevel.Network_Features'
[2015.12.07-15.03.36:980][524]LogBlueprintUserMessages: Late EndPlayMap Detection: Level '/Game/Maps/Network_Features.Network_Features:PersistentLevel' has LevelScriptBlueprint '/Game/Maps/Network_Features.Network_Features:PersistentLevel.Network_Features' with GeneratedClass '/Game/Maps/Network_Features.Network_Features_C' with ClassGeneratedBy '/Game/Maps/Network_Features.Network_Features:PersistentLevel.Network_Features'
[2015.12.07-15.03.37:004][524]LogParticles: Destroying 0 GPU particle simulations for FXSystem 0x000000A219CED300
[2015.12.07-15.04.02:302][188]LogBlueprintUserMessages: Early PlayInEditor Detection: Level '/Game/Maps/Network_Features.Network_Features:PersistentLevel' has LevelScriptBlueprint '/Game/Maps/Network_Features.Network_Features:PersistentLevel.Network_Features' with GeneratedClass '/Game/Maps/Network_Features.Network_Features_C' with ClassGeneratedBy '/Game/Maps/Network_Features.Network_Features:PersistentLevel.Network_Features'
[2015.12.07-15.04.02:302][188]LogPlayLevel: PlayLevel: No blueprints needed recompiling
[2015.12.07-15.04.02:303][188]PIE: New page: PIE session: Network_Features (Dec 7, 2015, 5:04:02 AM)
[2015.12.07-15.04.02:303][188]LogPlayLevel: Creating play world package: /Game/Maps/UEDPIE_1_Network_Features
[2015.12.07-15.04.02:325][188]LogPlayLevel: PIE: StaticDuplicateObject took: (0.022006s)
[2015.12.07-15.04.02:326][188]LogAIModule: Creating AISystem for world Network_Features
[2015.12.07-15.04.02:326][188]LogPlayLevel: PIE: World Init took: (0.000691s)
[2015.12.07-15.04.02:326][188]LogPlayLevel: PIE: Created PIE world by copying editor world from /Game/Maps/Network_Features.Network_Features to /Game/Maps/UEDPIE_1_Network_Features.Network_Features (0.022940s)
[2015.12.07-15.04.02:348][188]LogInit: XAudio2 using 'Speakers / Headphones (Realtek High Definition Audio)' : 2 channels at 48 kHz using 32 bits per sample (channel mask 0x3)
[2015.12.07-15.04.02:363][188]LogInit: FAudioDevice initialized.
[2015.12.07-15.04.02:403][188]LogWorld: Game class is 'BP_GameMode_Network_C'
[2015.12.07-15.04.02:429][188]LogWorld: Bringing World /Game/Maps/UEDPIE_1_Network_Features.Network_Features up for play (max tick rate 0) at 2015.12.07-10.04.02
[2015.12.07-15.04.02:430][188]LogActor:Warning: GameSession /Game/Maps/UEDPIE_1_Network_Features.Network_Features:PersistentLevel.GameSession_1 has natively added scene component(s), but none of them were set as the actor's RootComponent - picking one arbitrarily
[2015.12.07-15.04.02:431][188]LogActor:Warning: GameNetworkManager /Game/Maps/UEDPIE_1_Network_Features.Network_Features:PersistentLevel.GameNetworkManager_1 has natively added scene component(s), but none of them were set as the actor's RootComponent - picking one arbitrarily
[2015.12.07-15.04.02:433][188]LogWorld: Bringing up level for play took: 0.028700
[2015.12.07-15.04.02:437][188]LogInit: WinSock: Socket queue 131072 / 131072
[2015.12.07-15.04.02:438][188]LogInit: WinSock: I am crodawin10 (10.10.1.86:0)
[2015.12.07-15.04.02:438][188]LogNet: GameNetDriver IpNetDriver_0 IpNetDriver listening on port 7777
[2015.12.07-15.04.02:439][188]PIE: Info Play in editor start time for /Game/Maps/UEDPIE_1_Network_Features -0.499
[2015.12.07-15.04.02:441][188]PIE: New page: PIE session: Network_Features (Dec 7, 2015, 5:04:02 AM)
[2015.12.07-15.04.02:483][188]LogNet: Browse: 127.0.0.1//Game/ThirdPersonBP/Maps/ThirdPersonExampleMap
[2015.12.07-15.04.02:483][188]LogInit: WinSock: Socket queue 32768 / 32768
[2015.12.07-15.04.02:484][188]LogNet: Game client on port 7777, rate 10000
[2015.12.07-15.04.02:484][188]LogNet: GetLocalNetworkVersion: GEngineNetVersion: 2758231, ProjectName: multiplayer, ProjectVersion: 1.0.0.0, InternalProtocolVersion: 9, LocalNetworkVersion: 1837212031
[2015.12.07-15.04.02:503][188]PIE: Info Play in editor start time for /Game/ThirdPersonBP/Maps/ThirdPersonExampleMap -0.436
[2015.12.07-15.04.02:504][188]LogBlueprintUserMessages: Late PlayInEditor Detection: Level '/Game/Maps/Network_Features.Network_Features:PersistentLevel' has LevelScriptBlueprint '/Game/Maps/Network_Features.Network_Features:PersistentLevel.Network_Features' with GeneratedClass '/Game/Maps/Network_Features.Network_Features_C' with ClassGeneratedBy '/Game/Maps/Network_Features.Network_Features:PersistentLevel.Network_Features'
[2015.12.07-15.04.02:505][188]LogNet: NotifyAcceptingConnection: Server Network_Features accept
[2015.12.07-15.04.02:505][188]LogNet: Open Network_Features 12/07/15 10:04:02 127.0.0.1
[2015.12.07-15.04.02:505][188]LogNet: Added client connection.  Remote address = 127.0.0.1:59418
[2015.12.07-15.04.02:506][188]LogNet: NotifyAcceptingChannel Control 0 server World /Game/Maps/UEDPIE_1_Network_Features.Network_Features: Accepted
[2015.12.07-15.04.02:506][188]LogNet: Remote platform little endian=1
[2015.12.07-15.04.02:506][188]LogNet: This platform little endian=1
[2015.12.07-15.04.02:506][188]LogNet: GetLocalNetworkVersion: GEngineNetVersion: 2758231, ProjectName: multiplayer, ProjectVersion: 1.0.0.0, InternalProtocolVersion: 9, LocalNetworkVersion: 1837212031
[2015.12.07-15.04.02:524][189]LogNet: Login request: /Game/ThirdPersonBP/Maps/ThirdPersonExampleMap userId: Invalid
[2015.12.07-15.04.02:525][189]LogNet: Welcomed by server (Level: /Game/Maps/UEDPIE_1_Network_Features, Game: /Game/ExampleContent/NetworkFeatures/Blueprints/BP_GameMode_Network.BP_GameMode_Network_C)
[2015.12.07-15.04.02:538][189]LogLoad: LoadMap: 127.0.0.1//Game/Maps/UEDPIE_1_Network_Features?game=/Game/ExampleContent/NetworkFeatures/Blueprints/BP_GameMode_Network.BP_GameMode_Network_C
[2015.12.07-15.04.02:556][189]LogParticles: Destroying 0 GPU particle simulations for FXSystem 0x000000A230632D40
[2015.12.07-15.04.02:559][189]Cmd: MEM
[2015.12.07-15.04.02:579][189]LogMemory: Platform Memory Stats for Windows
[2015.12.07-15.04.02:579][189]LogMemory: Process Physical Memory: 1117.79 MB used, 1163.22 MB peak
[2015.12.07-15.04.02:579][189]LogMemory: Process Virtual Memory: 1630.68 MB used, 1630.68 MB peak
[2015.12.07-15.04.02:579][189]LogMemory: Physical Memory: 4767.62 MB used, 16323.13 MB total
[2015.12.07-15.04.02:579][189]LogMemory: Virtual Memory: 2739.07 MB used, 134217728.00 MB total
[2015.12.07-15.04.02:579][189]LogMemory: 
[2015.12.07-15.04.02:579][189]Allocator Stats for TBB: (not implemented)
[2015.12.07-15.04.02:580][189]LogLinker: Can't find file for asset '/Game/Maps/UEDPIE_1_Network_Features' while loading NULL.
[2015.12.07-15.04.02:607][189]LogWorld: PIE: Copying PIE streaming level from /Game/Maps/Network_Features.Network_Features to /Game/Maps/UEDPIE_2_Network_Features.Network_Features. OwningWorld: None
[2015.12.07-15.04.02:607][189]LogAIModule: Creating AISystem for world Network_Features
[2015.12.07-15.04.02:632][189]LogWorld: Bringing World /Game/Maps/UEDPIE_2_Network_Features.Network_Features up for play (max tick rate 0) at 2015.12.07-10.04.02
[2015.12.07-15.04.02:635][189]LogWorld: Bringing up level for play took: 0.025384
[2015.12.07-15.04.02:658][190]LogRenderer: Reallocating scene render targets to support 1280x720 (Frame:4028).
[2015.12.07-15.04.02:658][190]LogNet: Client netspeed is 10000
[2015.12.07-15.04.02:658][190]LogNet: Join request: /Game/ThirdPersonBP/Maps/ThirdPersonExampleMap?SplitscreenCount=1
[2015.12.07-15.04.02:665][190]LogNet: Join succeeded: 258
[2015.12.07-15.04.47:941][906]LogBlueprintUserMessages: Early EndPlayMap Detection: Level '/Game/Maps/Network_Features.Network_Features:PersistentLevel' has LevelScriptBlueprint '/Game/Maps/Network_Features.Network_Features:PersistentLevel.Network_Features' with GeneratedClass '/Game/Maps/Network_Features.Network_Features_C' with ClassGeneratedBy '/Game/Maps/Network_Features.Network_Features:PersistentLevel.Network_Features'
[2015.12.07-15.04.48:042][906]LogSpawn:Warning: SpawnActor failed because we are in the process of tearing down the world
[2015.12.07-15.04.48:074][906]LogBlueprintUserMessages: Late EndPlayMap Detection: Level '/Game/Maps/Network_Features.Network_Features:PersistentLevel' has LevelScriptBlueprint '/Game/Maps/Network_Features.Network_Features:PersistentLevel.Network_Features' with GeneratedClass '/Game/Maps/Network_Features.Network_Features_C' with ClassGeneratedBy '/Game/Maps/Network_Features.Network_Features:PersistentLevel.Network_Features'
[2015.12.07-15.04.48:090][906]LogNet: UChannel::CleanUp: [GameNetDriver] [None] [None]. ChIndex == 0. Closing connection.
[2015.12.07-15.04.48:090][906]LogNet: UNetConnection::Close: Name: IpConnection_1, Driver: GameNetDriver IpNetDriver_0, PC: None, Owner: None, Channels: 2, RemoteAddr: 127.0.0.1:59418, Time: 2015.12.07-15.04.48
[2015.12.07-15.04.48:090][906]LogNet: UChannel::Close: Sending CloseBunch. ChIndex == 0. Name: ControlChannel_1
[2015.12.07-15.04.48:091][906]LogNet: UChannel::CleanUp: [GameNetDriver] [None] [None]. ChIndex == 0. Closing connection.
[2015.12.07-15.04.48:091][906]LogNet: UNetConnection::Close: Name: IpConnection_0, Driver: GameNetDriver IpNetDriver_1, PC: None, Owner: None, Channels: 2, RemoteAddr: 127.0.0.1:7777, Time: 2015.12.07-15.04.48
[2015.12.07-15.04.48:091][906]LogNet: UChannel::Close: Sending CloseBunch. ChIndex == 0. Name: ControlChannel_0
[2015.12.07-15.04.48:097][906]LogExit: GameNetDriver None shut down
[2015.12.07-15.04.48:097][906]LogExit: GameNetDriver None shut down
[2015.12.07-15.04.48:098][906]LogParticles: Destroying 0 GPU particle simulations for FXSystem 0x000000A22FA44B80
[2015.12.07-15.04.48:116][907]LogParticles: Destroying 0 GPU particle simulations for FXSystem 0x000000A2308F44A0
[2015.12.07-15.06.21:760][548]LogEditorViewport: Clicking on Actor (LMB): TargetPoint (NonReplicatedSpawnPoint)
[2015.12.07-15.06.27:712][717]LogEditorViewport: Clicking on Actor (LMB): TargetPoint (ReplicatedSpawnPoint)
[2015.12.07-15.07.09:570][311]Cmd: CAMERA ALIGN ACTIVEVIEWPORTONLY
[2015.12.07-15.07.09:570][311]LogWindows: LaunchURL http://docs.unrealengine.com/latest/INT/Resources/ContentExamples/Networking/1_1/index.html?utm_source=editor&utm_medium=docs&utm_campaign=doc_actors
[2015.12.07-15.11.52:840][561]LogLinker:Warning: Asset '../../../Engine/Content/ArtTools/RenderToTexture/Macros/RenderToTextureMacros.uasset' has been saved with empty engine version. The asset will be loaded but may be incompatible.
[2015.12.07-15.11.53:405][561]LogContentBrowser: Native class hierarchy updated for 'BlueprintGraph' in 0.0010 seconds. Added 107 classes and 0 folders.
[2015.12.07-15.13.51:410][ 47]LogRenderer: Reallocating scene render targets to support 1432x920 (Frame:12886).
[2015.12.07-15.14.34:034][756]LogMaterial: Missing cached shader map for material M_Ghost_Body, compiling. 
[2015.12.07-15.14.34:117][756]LogLinker:Warning: Can't find file '/Game/ExampleContent/NetworkFeatures/Meshes/S_Ghost'
[2015.12.07-15.14.34:118][756]LogLinker:Warning: Can't find file '/Game/ExampleContent/NetworkFeatures/Meshes/S_Ghost'
[2015.12.07-15.14.34:124][756]LogUObjectGlobals:Warning: Failed to find object 'Object /Game/ExampleContent/NetworkFeatures/Meshes/S_Ghost.S_Ghost'
[2015.12.07-15.14.34:140][756]LogMaterial: Missing cached shader map for material M_Ghost_Body, compiling. 
[2015.12.07-15.14.34:147][756]LogMaterial: 0.000424 seconds spent updating 1 materials, 1 interfaces, 0 instances, 0 with static permutations.
[2015.12.07-15.14.34:178][756]LogMaterial: Missing cached shader map for material FMatExpressionPreview MaterialExpressionTextureSample_3, compiling. 
[2015.12.07-15.14.34:183][756]LogMaterial: Missing cached shader map for material FMatExpressionPreview MaterialExpressionTextureSample_4, compiling. 
[2015.12.07-15.14.34:188][756]LogMaterial: Missing cached shader map for material FMatExpressionPreview MaterialExpressionVectorParameter_0, compiling. 
[2015.12.07-15.14.34:193][756]LogMaterial: Missing cached shader map for material FMatExpressionPreview MaterialExpressionVectorParameter_1, compiling. 
[2015.12.07-15.14.34:198][756]LogMaterial: Missing cached shader map for material FMatExpressionPreview MaterialExpressionVectorParameter_2, compiling. 
[2015.12.07-15.14.36:092][840]MaterialEditorStats: Info Base pass shader with only dynamic lighting: 66 instructions
[2015.12.07-15.14.36:092][840]MaterialEditorStats: Info Vertex shader: 57 instructions
[2015.12.07-15.14.36:092][840]MaterialEditorStats: Info Texture samplers: 1/16
[2015.12.07-15.17.19:830][468]LogContentBrowser: Native class hierarchy updated for 'TextureEditor' in 0.0004 seconds. Added 1 classes and 2 folders.
[2015.12.07-15.17.56:819][199]LogActorComponent: UnregisterComponent: (/Engine/Transient.CharMoveComp) Not registered. Aborting.
[2015.12.07-15.17.56:819][199]LogActorComponent: UnregisterComponent: (/Engine/Transient.CharacterMovementComponent_0) Not registered. Aborting.
[2015.12.07-15.17.58:315][199]LogSavePackage: Save=1246.989624ms
[2015.12.07-15.17.58:315][199]LogSavePackage: Moving '../../../../../../Users/croda/Documents/Unreal Projects/Multiplayer/Saved/Network_Features_Auto1896989154D91C3B1A1EC889C62945A5B.tmp' to '../../../../../../Users/croda/Documents/Unreal Projects/Multiplayer/Saved/Autosaves/Game/Maps/Network_Features_Auto1.umap'
[2015.12.07-15.17.58:319][199]LogSavePackage: Total save time: 1450.771127ms
[2015.12.07-15.17.58:319][199]LogSavePackage:Display: Finished SavePackage ../../../../../../Users/croda/Documents/Unreal Projects/Multiplayer/Saved/Autosaves/Game/Maps/Network_Features_Auto1.umap
[2015.12.07-15.17.58:322][199]LogFileHelpers: Editor autosave (incl. sublevels) for '/Game/Maps/Network_Features' took 1.504
[2015.12.07-15.17.58:322][199]LogFileHelpers: Editor autosave (incl. sublevels) for all levels took 1.504
[2015.12.07-15.27.17:792][783]LogActorComponent: UnregisterComponent: (/Engine/Transient.CharMoveComp) Not registered. Aborting.
[2015.12.07-15.27.17:824][783]LogParticles: Destroying 0 GPU particle simulations for FXSystem 0x000000A22C28A340
[2015.12.07-15.27.17:825][783]LogParticles: Destroying 0 GPU particle simulations for FXSystem 0x000000A232D48F40
[2015.12.07-15.27.17:826][783]LogParticles: Destroying 0 GPU particle simulations for FXSystem 0x000000A260B8A8E0
[2015.12.07-15.27.17:827][783]LogParticles: Destroying 0 GPU particle simulations for FXSystem 0x000000A2192EDA80
[2015.12.07-15.27.20:868][784]Cmd: QUIT_EDITOR
[2015.12.07-15.27.21:036][784]LogWindowsTextInputMethodSystem:Display: IME system now deactivated.
[2015.12.07-15.27.21:113][784]LogExit: Preparing to exit.
[2015.12.07-15.27.22:037][784]LogExit: Editor shut down
[2015.12.07-15.27.22:038][784]LogExit: Transaction tracking system shut down
[2015.12.07-15.27.22:041][784]LogParticles: Destroying 0 GPU particle simulations for FXSystem 0x000000A208A4B740
[2015.12.07-15.27.22:041][784]LogParticles: Destroying 0 GPU particle simulations for FXSystem 0x000000A20E76FBA0
[2015.12.07-15.27.22:046][784]LogParticles: Destroying 0 GPU particle simulations for FXSystem 0x000000A238AB94E0
[2015.12.07-15.27.22:047][784]LogParticles: Destroying 0 GPU particle simulations for FXSystem 0x000000A24C2C5800
[2015.12.07-15.27.22:048][784]LogParticles: Destroying 0 GPU particle simulations for FXSystem 0x000000A23448D940
[2015.12.07-15.27.22:049][784]LogParticles: Destroying 0 GPU particle simulations for FXSystem 0x000000A23B8BE5C0
[2015.12.07-15.27.22:049][784]LogParticles: Destroying 0 GPU particle simulations for FXSystem 0x000000A24902EAC0
[2015.12.07-15.27.22:282][784]LogExit: Object subsystem successfully closed.
[2015.12.07-15.27.22:290][784]LogD3D11RHI: Shutdown
[2015.12.07-15.27.22:290][784]LogD3D11RHI: CleanupD3DDevice
[2015.12.07-15.27.22:403][784]LogD3D11RHI: ~FD3D11DynamicRHI
[2015.12.07-15.27.22:417][784]LogModuleManager: Shutting down and abandoning module CookingStats (205)
[2015.12.07-15.27.22:417][784]LogModuleManager: Shutting down and abandoning module TextureEditor (204)
[2015.12.07-15.27.22:417][784]LogModuleManager: Shutting down and abandoning module MaterialEditor (203)
[2015.12.07-15.27.22:417][784]LogModuleManager: Shutting down and abandoning module StaticMeshEditor (202)
[2015.12.07-15.27.22:417][784]LogModuleManager: Shutting down and abandoning module BlueprintGraph (201)
[2015.12.07-15.27.22:417][784]LogModuleManager: Shutting down and abandoning module CrashTracker (200)
[2015.12.07-15.27.22:417][784]LogModuleManager: Shutting down and abandoning module SceneOutliner (199)
[2015.12.07-15.27.22:417][784]LogModuleManager: Shutting down and abandoning module SuperSearch (198)
[2015.12.07-15.27.22:417][784]LogModuleManager: Shutting down and abandoning module WidgetCarousel (197)
[2015.12.07-15.27.22:417][784]LogModuleManager: Shutting down and abandoning module AddContentDialog (196)
[2015.12.07-15.27.22:418][784]LogModuleManager: Shutting down and abandoning module EditorWidgets (195)
[2015.12.07-15.27.22:418][784]LogModuleManager: Shutting down and abandoning module CollectionManager (194)
[2015.12.07-15.27.22:419][784]LogModuleManager: Shutting down and abandoning module StatsViewer (193)
[2015.12.07-15.27.22:419][784]LogModuleManager: Shutting down and abandoning module FoliageEdit (192)
[2015.12.07-15.27.22:419][784]LogModuleManager: Shutting down and abandoning module LandscapeEditor (191)
[2015.12.07-15.27.22:419][784]LogModuleManager: Shutting down and abandoning module ActorPickerMode (190)
[2015.12.07-15.27.22:419][784]LogModuleManager: Shutting down and abandoning module GeometryMode (189)
[2015.12.07-15.27.22:419][784]LogModuleManager: Shutting down and abandoning module TextureAlignMode (188)
[2015.12.07-15.27.22:419][784]LogModuleManager: Shutting down and abandoning module BspMode (187)
[2015.12.07-15.27.22:419][784]LogModuleManager: Shutting down and abandoning module PlacementMode (186)
[2015.12.07-15.27.22:419][784]LogModuleManager: Shutting down and abandoning module AutomationWorker (185)
[2015.12.07-15.27.22:419][784]LogModuleManager: Shutting down and abandoning module HoudiniEngineEditor (184)
[2015.12.07-15.27.22:419][784]LogHoudiniEngineEditor: Shutting down the Houdini Engine Editor module.
[2015.12.07-15.27.22:419][784]LogModuleManager: Shutting down and abandoning module CharacterAI (183)
[2015.12.07-15.27.22:419][784]LogModuleManager: Shutting down and abandoning module SmartSnapping (182)
[2015.12.07-15.27.22:419][784]LogModuleManager: Shutting down and abandoning module ViewportSnapping (181)
[2015.12.07-15.27.22:419][784]LogModuleManager: Shutting down and abandoning module LogVisualizer (180)
[2015.12.07-15.27.22:419][784]LogModuleManager: Shutting down and abandoning module GameProjectGeneration (179)
[2015.12.07-15.27.22:419][784]LogModuleManager: Shutting down and abandoning module IntroTutorials (178)
[2015.12.07-15.27.22:419][784]LogModuleManager: Shutting down and abandoning module EditorLiveStreaming (177)
[2015.12.07-15.27.22:419][784]LogModuleManager: Shutting down and abandoning module IOSPlatformEditor (176)
[2015.12.07-15.27.22:419][784]LogModuleManager: Shutting down and abandoning module HTML5PlatformEditor (175)
[2015.12.07-15.27.22:419][784]LogModuleManager: Shutting down and abandoning module AndroidDeviceDetection (174)
[2015.12.07-15.27.23:260][784]LogModuleManager: Shutting down and abandoning module AndroidPlatformEditor (173)
[2015.12.07-15.27.23:260][784]LogModuleManager: Shutting down and abandoning module IOSRuntimeSettings (172)
[2015.12.07-15.27.23:260][784]LogModuleManager: Shutting down and abandoning module AndroidRuntimeSettings (171)
[2015.12.07-15.27.23:260][784]LogModuleManager: Shutting down and abandoning module MergeActors (170)
[2015.12.07-15.27.23:260][784]LogModuleManager: Shutting down and abandoning module SizeMap (169)
[2015.12.07-15.27.23:260][784]LogModuleManager: Shutting down and abandoning module TreeMap (168)
[2015.12.07-15.27.23:260][784]LogModuleManager: Shutting down and abandoning module ReferenceViewer (167)
[2015.12.07-15.27.23:260][784]LogModuleManager: Shutting down and abandoning module LocalizationService (166)
[2015.12.07-15.27.23:260][784]LogModuleManager: Shutting down and abandoning module LocalizationDashboard (165)
[2015.12.07-15.27.23:260][784]LogModuleManager: Shutting down and abandoning module HardwareTargeting (164)
[2015.12.07-15.27.23:260][784]LogModuleManager: Shutting down and abandoning module DeviceProfileEditor (163)
[2015.12.07-15.27.23:260][784]LogModuleManager: Shutting down and abandoning module UndoHistory (162)
[2015.12.07-15.27.23:260][784]LogModuleManager: Shutting down and abandoning module GameplayTagsEditor (161)
[2015.12.07-15.27.23:260][784]LogModuleManager: Shutting down and abandoning module UserFeedback (160)
[2015.12.07-15.27.23:260][784]LogModuleManager: Shutting down and abandoning module XmlParser (159)
[2015.12.07-15.27.23:260][784]LogModuleManager: Shutting down and abandoning module Blutility (158)
[2015.12.07-15.27.23:260][784]LogModuleManager: Shutting down and abandoning module ProjectTargetPlatformEditor (157)
[2015.12.07-15.27.23:260][784]LogModuleManager: Shutting down and abandoning module ProjectSettingsViewer (156)
[2015.12.07-15.27.23:260][784]LogModuleManager: Shutting down and abandoning module InputBindingEditor (155)
[2015.12.07-15.27.23:260][784]LogModuleManager: Shutting down and abandoning module EditorSettingsViewer (154)
[2015.12.07-15.27.23:260][784]LogModuleManager: Shutting down and abandoning module SettingsEditor (153)
[2015.12.07-15.27.23:260][784]LogModuleManager: Shutting down and abandoning module ProjectLauncher (152)
[2015.12.07-15.27.23:260][784]LogModuleManager: Shutting down and abandoning module SessionFrontend (151)
[2015.12.07-15.27.23:260][784]LogModuleManager: Shutting down and abandoning module ProfilerClient (150)
[2015.12.07-15.27.23:260][784]LogModuleManager: Shutting down and abandoning module TargetDeviceServices (149)
[2015.12.07-15.27.23:260][784]LogModuleManager: Shutting down and abandoning module DeviceManager (148)
[2015.12.07-15.27.23:260][784]LogModuleManager: Shutting down and abandoning module AutomationController (147)
[2015.12.07-15.27.23:260][784]LogModuleManager: Shutting down and abandoning module AutomationWindow (146)
[2015.12.07-15.27.23:260][784]LogModuleManager: Shutting down and abandoning module Layers (145)
[2015.12.07-15.27.23:260][784]LogModuleManager: Shutting down and abandoning module ComponentVisualizers (144)
[2015.12.07-15.27.23:260][784]LogModuleManager: Shutting down and abandoning module DetailCustomizations (143)
[2015.12.07-15.27.23:260][784]LogModuleManager: Shutting down and abandoning module PackagesDialog (142)
[2015.12.07-15.27.23:261][784]LogModuleManager: Shutting down and abandoning module Persona (141)
[2015.12.07-15.27.23:261][784]LogModuleManager: Shutting down and abandoning module Kismet (140)
[2015.12.07-15.27.23:261][784]LogModuleManager: Shutting down and abandoning module GraphEditor (139)
[2015.12.07-15.27.23:261][784]LogModuleManager: Shutting down and abandoning module ClassViewer (138)
[2015.12.07-15.27.23:261][784]LogModuleManager: Shutting down and abandoning module Toolbox (137)
[2015.12.07-15.27.23:261][784]LogModuleManager: Shutting down and abandoning module ModuleUI (136)
[2015.12.07-15.27.23:261][784]LogModuleManager: Shutting down and abandoning module MovieSceneTools (135)
[2015.12.07-15.27.23:261][784]LogModuleManager: Shutting down and abandoning module OutputLog (134)
[2015.12.07-15.27.23:261][784]LogModuleManager: Shutting down and abandoning module GammaUI (133)
[2015.12.07-15.27.23:261][784]LogModuleManager: Shutting down and abandoning module Documentation (132)
[2015.12.07-15.27.23:261][784]LogModuleManager: Shutting down and abandoning module GameLiveStreaming (131)
[2015.12.07-15.27.23:261][784]LogModuleManager: Shutting down and abandoning module StreamingPauseRendering (130)
[2015.12.07-15.27.23:261][784]LogModuleManager: Shutting down and abandoning module AnalyticsET (129)
[2015.12.07-15.27.23:261][784]LogModuleManager: Shutting down and abandoning module Analytics (128)
[2015.12.07-15.27.23:261][784]LogModuleManager: Shutting down and abandoning module AITestSuite (127)
[2015.12.07-15.27.23:261][784]LogModuleManager: Shutting down and abandoning module GameplayDebugger (126)
[2015.12.07-15.27.23:261][784]LogModuleManager: Shutting down and abandoning module AIModule (125)
[2015.12.07-15.27.23:261][784]LogModuleManager: Shutting down and abandoning module ProfilerService (124)
[2015.12.07-15.27.23:473][784]LogModuleManager: Shutting down and abandoning module TaskGraph (123)
[2015.12.07-15.27.23:473][784]LogModuleManager: Shutting down and abandoning module SlateRemote (122)
[2015.12.07-15.27.23:473][784]LogModuleManager: Shutting down and abandoning module SteamVRController (121)
[2015.12.07-15.27.23:473][784]LogModuleManager: Shutting down and abandoning module SteamVR (120)
[2015.12.07-15.27.23:473][784]LogModuleManager: Shutting down and abandoning module ProceduralMeshComponent (119)
[2015.12.07-15.27.23:473][784]LogModuleManager: Shutting down and abandoning module OculusLibrary (118)
[2015.12.07-15.27.23:473][784]LogModuleManager: Shutting down and abandoning module OculusInput (117)
[2015.12.07-15.27.23:473][784]LogModuleManager: Shutting down and abandoning module LeapMotionController (116)
[2015.12.07-15.27.23:487][784]LogModuleManager: Shutting down and abandoning module HoudiniEngineRuntime (115)
[2015.12.07-15.27.23:487][784]LogHoudiniEngine: Shutting down the Houdini Engine module.
[2015.12.07-15.27.23:489][784]LogModuleManager: Shutting down and abandoning module CustomMeshComponent (114)
[2015.12.07-15.27.23:489][784]LogModuleManager: Shutting down and abandoning module CableComponent (113)
[2015.12.07-15.27.23:489][784]LogModuleManager: Shutting down and abandoning module ArchVisCharacter (112)
[2015.12.07-15.27.23:489][784]LogModuleManager: Shutting down and abandoning module MessagingDebugger (111)
[2015.12.07-15.27.23:489][784]LogModuleManager: Shutting down and abandoning module MediaPlayerEditor (110)
[2015.12.07-15.27.23:489][784]LogModuleManager: Shutting down and abandoning module HTML5Networking (109)
[2015.12.07-15.27.23:489][784]LogModuleManager: Shutting down and abandoning module SpeedTreeImporter (108)
[2015.12.07-15.27.23:489][784]LogModuleManager: Shutting down and abandoning module PluginBrowser (107)
[2015.12.07-15.27.23:489][784]LogModuleManager: Shutting down and abandoning module EpicSurvey (106)
[2015.12.07-15.27.23:489][784]LogModuleManager: Shutting down and abandoning module DesktopPlatform (105)
[2015.12.07-15.27.23:489][784]LogModuleManager: Shutting down and abandoning module VisualStudioSourceCodeAccess (104)
[2015.12.07-15.27.23:489][784]LogModuleManager: Shutting down and abandoning module UObjectPlugin (103)
[2015.12.07-15.27.23:489][784]LogModuleManager: Shutting down and abandoning module SubversionSourceControl (102)
[2015.12.07-15.27.23:489][784]LogModuleManager: Shutting down and abandoning module PerforceSourceControl (101)
[2015.12.07-15.27.23:489][784]LogModuleManager: Shutting down and abandoning module SourceControl (100)
[2015.12.07-15.27.23:489][784]LogModuleManager: Shutting down and abandoning module GitSourceControl (99)
[2015.12.07-15.27.23:489][784]LogModuleManager: Shutting down and abandoning module LightPropagationVolumeEditor (98)
[2015.12.07-15.27.23:489][784]LogModuleManager: Shutting down and abandoning module PaperTiledImporter (97)
[2015.12.07-15.27.23:489][784]LogModuleManager: Shutting down and abandoning module PaperSpriteSheetImporter (96)
[2015.12.07-15.27.23:489][784]LogModuleManager: Shutting down and abandoning module MeshPaint (95)
[2015.12.07-15.27.23:489][784]LogModuleManager: Shutting down and abandoning module SlateReflector (94)
[2015.12.07-15.27.23:489][784]LogModuleManager: Shutting down and abandoning module HotReload (93)
[2015.12.07-15.27.23:489][784]LogModuleManager: Shutting down and abandoning module MainFrame (92)
[2015.12.07-15.27.23:490][784]LogModuleManager: Shutting down and abandoning module LevelEditor (91)
[2015.12.07-15.27.23:490][784]LogModuleManager: Shutting down and abandoning module DirectoryWatcher (90)
[2015.12.07-15.27.23:491][784]LogModuleManager: Shutting down and abandoning module AssetRegistry (89)
[2015.12.07-15.27.23:639][784]LogModuleManager: Shutting down and abandoning module ContentBrowser (88)
[2015.12.07-15.27.23:640][784]LogModuleManager: Shutting down and abandoning module Paper2DEditor (87)
[2015.12.07-15.27.23:640][784]LogModuleManager: Shutting down and abandoning module UdpMessaging (86)
[2015.12.07-15.27.23:740][784]LogModuleManager: Shutting down and abandoning module LightPropagationVolumeRuntime (85)
[2015.12.07-15.27.23:740][784]LogModuleManager: Shutting down and abandoning module Paper2D (84)
[2015.12.07-15.27.23:740][784]LogModuleManager: Shutting down and abandoning module WindowsMoviePlayer (83)
[2015.12.07-15.27.23:740][784]LogModuleManager: Shutting down and abandoning module Media (82)
[2015.12.07-15.27.23:740][784]LogModuleManager: Shutting down and abandoning module WmfMedia (81)
[2015.12.07-15.27.23:741][784]LogModuleManager: Shutting down and abandoning module OnlineBlueprintSupport (80)
[2015.12.07-15.27.23:741][784]LogModuleManager: Shutting down and abandoning module GameplayTasksEditor (79)
[2015.12.07-15.27.23:741][784]LogModuleManager: Shutting down and abandoning module PropertyEditor (78)
[2015.12.07-15.27.23:741][784]LogModuleManager: Shutting down and abandoning module BehaviorTreeEditor (77)
[2015.12.07-15.27.23:741][784]LogModuleManager: Shutting down and abandoning module FunctionalTesting (76)
[2015.12.07-15.27.23:741][784]LogModuleManager: Shutting down and abandoning module CollisionAnalyzer (75)
[2015.12.07-15.27.23:741][784]LogModuleManager: Shutting down and abandoning module WorkspaceMenuStructure (74)
[2015.12.07-15.27.23:741][784]LogModuleManager: Shutting down and abandoning module MessageLog (73)
[2015.12.07-15.27.23:741][784]LogModuleManager: Shutting down and abandoning module Sequencer (72)
[2015.12.07-15.27.23:741][784]LogModuleManager: Shutting down and abandoning module AssetTools (71)
[2015.12.07-15.27.23:741][784]LogModuleManager: Shutting down and abandoning module UMGEditor (70)
[2015.12.07-15.27.23:741][784]LogModuleManager: Shutting down and abandoning module UMG (69)
[2015.12.07-15.27.23:741][784]LogModuleManager: Shutting down and abandoning module Slate (68)
[2015.12.07-15.27.23:741][784]LogModuleManager: Shutting down and abandoning module EditorStyle (67)
[2015.12.07-15.27.23:743][784]LogModuleManager: Shutting down and abandoning module SessionServices (66)
[2015.12.07-15.27.23:743][784]LogModuleManager: Shutting down and abandoning module SourceCodeAccess (65)
[2015.12.07-15.27.23:743][784]LogModuleManager: Shutting down and abandoning module HeadMountedDisplay (64)
[2015.12.07-15.27.23:743][784]LogModuleManager: Shutting down and abandoning module XAudio2 (63)
[2015.12.07-15.27.23:743][784]LogModuleManager: Shutting down and abandoning module Networking (61)
[2015.12.07-15.27.23:743][784]LogModuleManager: Shutting down and abandoning module Core (60)
[2015.12.07-15.27.23:743][784]LogModuleManager: Shutting down and abandoning module KismetCompiler (59)
[2015.12.07-15.27.23:743][784]LogModuleManager: Shutting down and abandoning module PhysXFormats (58)
[2015.12.07-15.27.23:743][784]LogModuleManager: Shutting down and abandoning module MeshUtilities (57)
[2015.12.07-15.27.23:743][784]LogModuleManager: Shutting down and abandoning module DerivedDataCache (56)
[2015.12.07-15.27.23:823][784]LogDerivedDataCache: Shutdown
[2015.12.07-15.27.23:823][784]LogModuleManager: Shutting down and abandoning module ShaderFormatOpenGL (55)
[2015.12.07-15.27.23:823][784]LogModuleManager: Shutting down and abandoning module ShaderFormatD3D (54)
[2015.12.07-15.27.23:823][784]LogModuleManager: Shutting down and abandoning module MetalShaderFormat (53)
[2015.12.07-15.27.23:823][784]LogModuleManager: Shutting down and abandoning module TextureFormatUncompressed (52)
[2015.12.07-15.27.23:823][784]LogModuleManager: Shutting down and abandoning module TextureFormatPVR (51)
[2015.12.07-15.27.23:823][784]LogModuleManager: Shutting down and abandoning module TextureFormatIntelISPCTexComp (50)
[2015.12.07-15.27.23:823][784]LogModuleManager: Shutting down and abandoning module TextureFormatDXT (49)
[2015.12.07-15.27.23:823][784]LogModuleManager: Shutting down and abandoning module ImageWrapper (48)
[2015.12.07-15.27.23:823][784]LogModuleManager: Shutting down and abandoning module TextureFormatASTC (47)
[2015.12.07-15.27.23:823][784]LogModuleManager: Shutting down and abandoning module TextureFormatAndroid (46)
[2015.12.07-15.27.23:823][784]LogModuleManager: Shutting down and abandoning module AudioFormatOpus (45)
[2015.12.07-15.27.23:823][784]LogModuleManager: Shutting down and abandoning module AudioFormatOgg (44)
[2015.12.07-15.27.23:823][784]LogModuleManager: Shutting down and abandoning module AudioFormatADPCM (43)
[2015.12.07-15.27.23:823][784]LogModuleManager: Shutting down and abandoning module LinuxTargetPlatform (42)
[2015.12.07-15.27.23:823][784]LogModuleManager: Shutting down and abandoning module LinuxServerTargetPlatform (41)
[2015.12.07-15.27.23:823][784]LogModuleManager: Shutting down and abandoning module LinuxNoEditorTargetPlatform (40)
[2015.12.07-15.27.23:823][784]LogModuleManager: Shutting down and abandoning module Messaging (39)
[2015.12.07-15.27.23:823][784]LogModuleManager: Shutting down and abandoning module IOSTargetPlatform (38)
[2015.12.07-15.27.23:823][784]LogModuleManager: Shutting down and abandoning module HTML5TargetPlatform (37)
[2015.12.07-15.27.23:823][784]LogModuleManager: Shutting down and abandoning module Android_PVRTCTargetPlatform (36)
[2015.12.07-15.27.23:823][784]LogModuleManager: Shutting down and abandoning module Android_MultiTargetPlatform (35)
[2015.12.07-15.27.23:823][784]LogModuleManager: Shutting down and abandoning module Android_ETC2TargetPlatform (34)
[2015.12.07-15.27.23:823][784]LogModuleManager: Shutting down and abandoning module Android_ETC1TargetPlatform (33)
[2015.12.07-15.27.23:823][784]LogModuleManager: Shutting down and abandoning module Android_DXTTargetPlatform (32)
[2015.12.07-15.27.23:823][784]LogModuleManager: Shutting down and abandoning module Android_ATCTargetPlatform (31)
[2015.12.07-15.27.23:823][784]LogModuleManager: Shutting down and abandoning module Android_ASTCTargetPlatform (30)
[2015.12.07-15.27.23:823][784]LogModuleManager: Shutting down and abandoning module AndroidTargetPlatform (29)
[2015.12.07-15.27.23:823][784]LogModuleManager: Shutting down and abandoning module WindowsTargetPlatform (28)
[2015.12.07-15.27.23:823][784]LogModuleManager: Shutting down and abandoning module WindowsServerTargetPlatform (27)
[2015.12.07-15.27.23:823][784]LogModuleManager: Shutting down and abandoning module WindowsNoEditorTargetPlatform (26)
[2015.12.07-15.27.23:823][784]LogModuleManager: Shutting down and abandoning module WindowsClientTargetPlatform (25)
[2015.12.07-15.27.23:823][784]LogModuleManager: Shutting down and abandoning module AllDesktopTargetPlatform (24)
[2015.12.07-15.27.23:823][784]LogModuleManager: Shutting down and abandoning module TargetPlatform (23)
[2015.12.07-15.27.23:823][784]LogModuleManager: Shutting down and abandoning module InputCore (22)
[2015.12.07-15.27.23:823][784]LogModuleManager: Shutting down and abandoning module Settings (21)
[2015.12.07-15.27.23:823][784]LogModuleManager: Shutting down and abandoning module OnlineSubsystem (19)
[2015.12.07-15.27.23:823][784]LogModuleManager: Shutting down and abandoning module HTTP (18)
[2015.12.07-15.27.24:824][784]LogModuleManager: Shutting down and abandoning module XMPP (17)
[2015.12.07-15.27.24:824][784]LogModuleManager: Shutting down and abandoning module OculusRift (16)
[2015.12.07-15.27.24:824][784]LogModuleManager: Shutting down and abandoning module ExampleDeviceProfileSelector (15)
[2015.12.07-15.27.24:824][784]LogModuleManager: Shutting down and abandoning module TextureCompressor (14)
[2015.12.07-15.27.24:824][784]LogModuleManager: Shutting down and abandoning module ShaderCore (13)
[2015.12.07-15.27.24:824][784]LogModuleManager: Shutting down and abandoning module Landscape (12)
[2015.12.07-15.27.24:824][784]LogModuleManager: Shutting down and abandoning module SlateRHIRenderer (11)
[2015.12.07-15.27.24:826][784]LogModuleManager: Shutting down and abandoning module OpenGLDrv (10)
[2015.12.07-15.27.24:826][784]LogModuleManager: Shutting down and abandoning module D3D11RHI (9)
[2015.12.07-15.27.24:826][784]LogModuleManager: Shutting down and abandoning module AnimGraphRuntime (8)
[2015.12.07-15.27.24:826][784]LogModuleManager: Shutting down and abandoning module Renderer (7)
[2015.12.07-15.27.24:826][784]LogModuleManager: Shutting down and abandoning module Engine (6)
[2015.12.07-15.27.24:826][784]LogModuleManager: Shutting down and abandoning module CoreUObject (5)
[2015.12.07-15.27.24:826][784]LogModuleManager: Shutting down and abandoning module NetworkFile (4)
[2015.12.07-15.27.24:826][784]LogModuleManager: Shutting down and abandoning module StreamingFile (3)
[2015.12.07-15.27.24:826][784]LogModuleManager: Shutting down and abandoning module SandboxFile (2)
[2015.12.07-15.27.24:826][784]LogModuleManager: Shutting down and abandoning module PakFile (1)
[2015.12.07-15.27.24:828][784]LogExit: Exiting.
[2015.12.07-15.27.24:843][784]Log file closed, 12/07/15 10:27:24
